Using pre-set license
Built from '2022.3/staging' branch; Version is '2022.3.4f1 (35713cd46cd7) revision 3502396'; Using compiler version '192829333'; Build Type 'Release'
OS: 'Windows 10  (10.0.19045) 64bit Professional' Language: 'en' Physical Memory: 32540 MB
BatchMode: 1, IsHumanControllingUs: 0, StartBugReporterOnCrash: 0, Is64bit: 1, IsPro: 1

COMMAND LINE ARGUMENTS:
C:\Program Files\2022.3.4f1\Editor\Unity.exe
-adb2
-batchMode
-noUpm
-name
AssetImportWorker0
-projectPath
C:/Users/Alexei/Documents/GitHub/ROMAC_ClassRepo/ROMAC_myProject
-logFile
Logs/AssetImportWorker0.log
-srvPort
54361
Successfully changed project path to: C:/Users/Alexei/Documents/GitHub/ROMAC_ClassRepo/ROMAC_myProject
C:/Users/Alexei/Documents/GitHub/ROMAC_ClassRepo/ROMAC_myProject
[UnityMemory] Configuration Parameters - Can be set up in boot.config
    "memorysetup-bucket-allocator-granularity=16"
    "memorysetup-bucket-allocator-bucket-count=8"
    "memorysetup-bucket-allocator-block-size=33554432"
    "memorysetup-bucket-allocator-block-count=8"
    "memorysetup-main-allocator-block-size=16777216"
    "memorysetup-thread-allocator-block-size=16777216"
    "memorysetup-gfx-main-allocator-block-size=16777216"
    "memorysetup-gfx-thread-allocator-block-size=16777216"
    "memorysetup-cache-allocator-block-size=4194304"
    "memorysetup-typetree-allocator-block-size=2097152"
    "memorysetup-profiler-bucket-allocator-granularity=16"
    "memorysetup-profiler-bucket-allocator-bucket-count=8"
    "memorysetup-profiler-bucket-allocator-block-size=33554432"
    "memorysetup-profiler-bucket-allocator-block-count=8"
    "memorysetup-profiler-allocator-block-size=16777216"
    "memorysetup-profiler-editor-allocator-block-size=1048576"
    "memorysetup-temp-allocator-size-main=16777216"
    "memorysetup-job-temp-allocator-block-size=2097152"
    "memorysetup-job-temp-allocator-block-size-background=1048576"
    "memorysetup-job-temp-allocator-reduction-small-platforms=262144"
    "memorysetup-allocator-temp-initial-block-size-main=262144"
    "memorysetup-allocator-temp-initial-block-size-worker=262144"
    "memorysetup-temp-allocator-size-background-worker=32768"
    "memorysetup-temp-allocator-size-job-worker=262144"
    "memorysetup-temp-allocator-size-preload-manager=33554432"
    "memorysetup-temp-allocator-size-nav-mesh-worker=65536"
    "memorysetup-temp-allocator-size-audio-worker=65536"
    "memorysetup-temp-allocator-size-cloud-worker=32768"
    "memorysetup-temp-allocator-size-gi-baking-worker=262144"
    "memorysetup-temp-allocator-size-gfx=262144"
Player connection [12800] Host "[IP] 192.168.100.49 [Port] 0 [Flags] 2 [Guid] 2202794217 [EditorId] 2202794217 [Version] 1048832 [Id] WindowsEditor(7,DESKTOP-LO917UB) [Debug] 1 [PackageName] WindowsEditor [ProjectName] Editor" joined multi-casting on [225.0.0.222:54997]...

Player connection [12800] Host "[IP] 192.168.100.49 [Port] 0 [Flags] 2 [Guid] 2202794217 [EditorId] 2202794217 [Version] 1048832 [Id] WindowsEditor(7,DESKTOP-LO917UB) [Debug] 1 [PackageName] WindowsEditor [ProjectName] Editor" joined alternative multi-casting on [225.0.0.222:34997]...

Refreshing native plugins compatible for Editor in 9.47 ms, found 3 plugins.
Preloading 0 native plugins for Editor in 0.00 ms.
Initialize engine version: 2022.3.4f1 (35713cd46cd7)
[Subsystems] Discovering subsystems at path C:/Program Files/2022.3.4f1/Editor/Data/Resources/UnitySubsystems
[Subsystems] Discovering subsystems at path C:/Users/Alexei/Documents/GitHub/ROMAC_ClassRepo/ROMAC_myProject/Assets
GfxDevice: creating device client; threaded=0; jobified=0
Direct3D:
    Version:  Direct3D 11.0 [level 11.1]
    Renderer: Intel(R) UHD Graphics 770 (ID=0x4680)
    Vendor:   Intel
    VRAM:     16270 MB
    Driver:   30.0.101.1273
Initialize mono
Mono path[0] = 'C:/Program Files/2022.3.4f1/Editor/Data/Managed'
Mono path[1] = 'C:/Program Files/2022.3.4f1/Editor/Data/MonoBleedingEdge/lib/mono/unityjit-win32'
Mono config path = 'C:/Program Files/2022.3.4f1/Editor/Data/MonoBleedingEdge/etc'
Using monoOptions --debugger-agent=transport=dt_socket,embedding=1,server=y,suspend=n,address=127.0.0.1:56044
Begin MonoManager ReloadAssembly
Registering precompiled unity dll's ...
Register platform support module: C:/Program Files/2022.3.4f1/Editor/Data/PlaybackEngines/WindowsStandaloneSupport/UnityEditor.WindowsStandalone.Extensions.dll
Register platform support module: C:/Program Files/2022.3.4f1/Editor/Data/PlaybackEngines/MetroSupport/UnityEditor.UWP.Extensions.dll
Registered in 0.009540 seconds.
- Loaded All Assemblies, in  0.479 seconds
Native extension for UWP target not found
Native extension for WindowsStandalone target not found
Mono: successfully reloaded assembly
- Finished resetting the current domain, in  0.369 seconds
Domain Reload Profiling: 845ms
	BeginReloadAssembly (124ms)
		ExecutionOrderSort (0ms)
		DisableScriptedObjects (0ms)
		BackupInstance (0ms)
		ReleaseScriptingObjects (0ms)
		CreateAndSetChildDomain (1ms)
	RebuildCommonClasses (47ms)
	RebuildNativeTypeToScriptingClass (23ms)
	initialDomainReloadingComplete (81ms)
	LoadAllAssembliesAndSetupDomain (201ms)
		LoadAssemblies (122ms)
		RebuildTransferFunctionScriptingTraits (0ms)
		AnalyzeDomain (191ms)
			TypeCache.Refresh (189ms)
				TypeCache.ScanAssembly (174ms)
			ScanForSourceGeneratedMonoScriptInfo (1ms)
			ResolveRequiredComponents (1ms)
	FinalizeReload (370ms)
		ReleaseScriptCaches (0ms)
		RebuildScriptCaches (0ms)
		SetupLoadedEditorAssemblies (289ms)
			LogAssemblyErrors (0ms)
			InitializePlatformSupportModulesInManaged (13ms)
			SetLoadedEditorAssemblies (6ms)
			RefreshPlugins (0ms)
			BeforeProcessingInitializeOnLoad (4ms)
			ProcessInitializeOnLoadAttributes (201ms)
			ProcessInitializeOnLoadMethodAttributes (65ms)
			AfterProcessingInitializeOnLoad (0ms)
			EditorAssembliesLoaded (0ms)
		ExecutionOrderSort2 (0ms)
		AwakeInstancesAfterBackupRestoration (0ms)
========================================================================
Worker process is ready to serve import requests
Begin MonoManager ReloadAssembly
Symbol file LoadedFromMemory doesn't match image C:\Users\Alexei\Documents\GitHub\ROMAC_ClassRepo\ROMAC_myProject\Library\PackageCache\com.unity.visualscripting@1.8.0\Editor\VisualScripting.Core\Dependencies\YamlDotNet\Unity.VisualScripting.YamlDotNet.dll
Symbol file LoadedFromMemory doesn't match image C:\Users\Alexei\Documents\GitHub\ROMAC_ClassRepo\ROMAC_myProject\Library\PackageCache\com.unity.visualscripting@1.8.0\Editor\VisualScripting.Core\Dependencies\DotNetZip\Unity.VisualScripting.IonicZip.dll
- Loaded All Assemblies, in  0.866 seconds
Refreshing native plugins compatible for Editor in 3.83 ms, found 3 plugins.
Native extension for UWP target not found
Native extension for WindowsStandalone target not found
Mono: successfully reloaded assembly
- Finished resetting the current domain, in  0.610 seconds
Domain Reload Profiling: 1474ms
	BeginReloadAssembly (129ms)
		ExecutionOrderSort (0ms)
		DisableScriptedObjects (6ms)
		BackupInstance (0ms)
		ReleaseScriptingObjects (0ms)
		CreateAndSetChildDomain (22ms)
	RebuildCommonClasses (41ms)
	RebuildNativeTypeToScriptingClass (12ms)
	initialDomainReloadingComplete (61ms)
	LoadAllAssembliesAndSetupDomain (621ms)
		LoadAssemblies (302ms)
		RebuildTransferFunctionScriptingTraits (0ms)
		AnalyzeDomain (364ms)
			TypeCache.Refresh (340ms)
				TypeCache.ScanAssembly (325ms)
			ScanForSourceGeneratedMonoScriptInfo (18ms)
			ResolveRequiredComponents (5ms)
	FinalizeReload (610ms)
		ReleaseScriptCaches (0ms)
		RebuildScriptCaches (0ms)
		SetupLoadedEditorAssemblies (424ms)
			LogAssemblyErrors (0ms)
			InitializePlatformSupportModulesInManaged (9ms)
			SetLoadedEditorAssemblies (4ms)
			RefreshPlugins (0ms)
			BeforeProcessingInitializeOnLoad (70ms)
			ProcessInitializeOnLoadAttributes (308ms)
			ProcessInitializeOnLoadMethodAttributes (25ms)
			AfterProcessingInitializeOnLoad (9ms)
			EditorAssembliesLoaded (0ms)
		ExecutionOrderSort2 (0ms)
		AwakeInstancesAfterBackupRestoration (9ms)
Launched and connected shader compiler UnityShaderCompiler.exe after 0.05 seconds
Refreshing native plugins compatible for Editor in 5.01 ms, found 3 plugins.
Preloading 0 native plugins for Editor in 0.00 ms.
Unloading 3065 Unused Serialized files (Serialized files now loaded: 0)
Unloading 31 unused Assets / (56.3 KB). Loaded Objects now: 3529.
Memory consumption went from 116.5 MB to 116.4 MB.
Total: 3.499000 ms (FindLiveObjects: 0.427900 ms CreateObjectMapping: 0.112500 ms MarkObjects: 2.822400 ms  DeleteObjects: 0.134600 ms)

AssetImportParameters requested are different than current active one (requested -> active):
  custom:container-demuxer-ogg: 62fdf1f143b41e24485cea50d1cbac27 -> 
  custom:video-decoder-ogg-theora: a1e56fd34408186e4bbccfd4996cb3dc -> 
  custom:framework-win-MediaFoundation: 216162199b28c13a410421893ffa2e32 -> 
  custom:CustomObjectIndexerAttribute: 756ad292c208cfabdd7b50bc23989ffe -> 
  custom:container-demuxer-webm: 4f35f7cbe854078d1ac9338744f61a02 -> 
  custom:container-muxer-webm: aa71ff27fc2769a1b78a27578f13a17b -> 
  custom:video-decoder-webm-vp8: 9c59270c3fd7afecdb556c50c9e8de78 -> 
  custom:AudioImporter_EditorPlatform: d09bf68614088b80899f8185d706f6e7 -> 
  custom:video-encoder-webm-vp8: eb34c28f22e8b96e1ab97ce403110664 -> 
  custom:audio-decoder-ogg-vorbis: bf7c407c2cedff20999df2af8eb42d56 -> 
  custom:audio-encoder-webm-vorbis: bf7c407c2cedff20999df2af8eb42d56 -> 
========================================================================
Received Import Request.
  Time since last request: 1107952.292522 seconds.
  path: Assets
  artifactKey: Guid(00000000000000001000000000000000) Importer(815301076,1909f56bfc062723c751e8b465ee728b)
Start importing Assets using Guid(00000000000000001000000000000000) Importer(815301076,1909f56bfc062723c751e8b465ee728b)  -> (artifact id: '8a4fe85251aa2e89732c359432baa2c3') in 0.001853 seconds
Number of updated asset objects reloaded before import = 0
Number of asset objects unloaded after import = 0
========================================================================
Received Import Request.
  Time since last request: 0.000025 seconds.
  path: Assets/Objects
  artifactKey: Guid(896e5eadcd405a6499a24c83f49cbf31) Importer(815301076,1909f56bfc062723c751e8b465ee728b)
Start importing Assets/Objects using Guid(896e5eadcd405a6499a24c83f49cbf31) Importer(815301076,1909f56bfc062723c751e8b465ee728b)  -> (artifact id: '3501e1ea96b964ff30904516ed23ceca') in 0.000557 seconds
Number of updated asset objects reloaded before import = 0
Number of asset objects unloaded after import = 0
========================================================================
Received Import Request.
  Time since last request: 1.832108 seconds.
  path: Assets/Materials
  artifactKey: Guid(ca5bec546e9beb442beb63926784aa80) Importer(815301076,1909f56bfc062723c751e8b465ee728b)
Start importing Assets/Materials using Guid(ca5bec546e9beb442beb63926784aa80) Importer(815301076,1909f56bfc062723c751e8b465ee728b)  -> (artifact id: 'f80a66324b601e3eef8aaee0b6ec5f40') in 0.000844 seconds
Number of updated asset objects reloaded before import = 0
Number of asset objects unloaded after import = 0
========================================================================
Received Import Request.
  Time since last request: 69.143961 seconds.
  path: Assets/Scenes/SampleScene.unity
  artifactKey: Guid(9fc0d4010bbf28b4594072e72b8655ab) Importer(815301076,1909f56bfc062723c751e8b465ee728b)
Start importing Assets/Scenes/SampleScene.unity using Guid(9fc0d4010bbf28b4594072e72b8655ab) Importer(815301076,1909f56bfc062723c751e8b465ee728b)  -> (artifact id: 'a85bec50c8be757587fedfaade313866') in 0.000499 seconds
Number of updated asset objects reloaded before import = 0
Number of asset objects unloaded after import = 0
========================================================================
Received Import Request.
  Time since last request: 136.364709 seconds.
  path: ProjectSettings/TagManager.asset
  artifactKey: Guid(00000000000000003000000000000000) Importer(815301076,1909f56bfc062723c751e8b465ee728b)
Start importing ProjectSettings/TagManager.asset using Guid(00000000000000003000000000000000) Importer(815301076,1909f56bfc062723c751e8b465ee728b)  -> (artifact id: '6b9326e97e2461385864aa44f9e28ada') in 0.011192 seconds
Number of updated asset objects reloaded before import = 0
Number of asset objects unloaded after import = 0
========================================================================
Received Import Request.
  Time since last request: 784.165085 seconds.
  path: Assets/Scenes/Level1.unity
  artifactKey: Guid(9fc0d4010bbf28b4594072e72b8655ab) Importer(815301076,1909f56bfc062723c751e8b465ee728b)
Start importing Assets/Scenes/Level1.unity using Guid(9fc0d4010bbf28b4594072e72b8655ab) Importer(815301076,1909f56bfc062723c751e8b465ee728b)  -> (artifact id: '5448fe728f33767e618950bd0fd12d09') in 0.000524 seconds
Number of updated asset objects reloaded before import = 0
Number of asset objects unloaded after import = 0
========================================================================
Received Import Request.
  Time since last request: 1.384249 seconds.
  path: Assets/Scenes
  artifactKey: Guid(d9d649a1ad0ae0b438715229fe85c4b3) Importer(815301076,1909f56bfc062723c751e8b465ee728b)
Start importing Assets/Scenes using Guid(d9d649a1ad0ae0b438715229fe85c4b3) Importer(815301076,1909f56bfc062723c751e8b465ee728b)  -> (artifact id: 'dedd467cb1bc501a0dddb73010a0984d') in 0.000570 seconds
Number of updated asset objects reloaded before import = 0
Number of asset objects unloaded after import = 0
========================================================================
Received Import Request.
  Time since last request: 4.262098 seconds.
  path: Assets/Scenes/Leel22.unity
  artifactKey: Guid(52bb050f03e5b554586946c32ffd4fd8) Importer(815301076,1909f56bfc062723c751e8b465ee728b)
Start importing Assets/Scenes/Leel22.unity using Guid(52bb050f03e5b554586946c32ffd4fd8) Importer(815301076,1909f56bfc062723c751e8b465ee728b)  -> (artifact id: 'b54eb283fe02c0255d86180d9693c2a0') in 0.000531 seconds
Number of updated asset objects reloaded before import = 0
Number of asset objects unloaded after import = 0
========================================================================
Received Import Request.
  Time since last request: 9.250460 seconds.
  path: Assets/Scenes/Level22.unity
  artifactKey: Guid(52bb050f03e5b554586946c32ffd4fd8) Importer(815301076,1909f56bfc062723c751e8b465ee728b)
Start importing Assets/Scenes/Level22.unity using Guid(52bb050f03e5b554586946c32ffd4fd8) Importer(815301076,1909f56bfc062723c751e8b465ee728b)  -> (artifact id: 'c5740614c25f3f13b1a7aa93ca685830') in 0.000608 seconds
Number of updated asset objects reloaded before import = 0
Number of asset objects unloaded after import = 0
========================================================================
Received Import Request.
  Time since last request: 376.831141 seconds.
  path: Assets/Scenes/Level1.unity
  artifactKey: Guid(9fc0d4010bbf28b4594072e72b8655ab) Importer(815301076,1909f56bfc062723c751e8b465ee728b)
Start importing Assets/Scenes/Level1.unity using Guid(9fc0d4010bbf28b4594072e72b8655ab) Importer(815301076,1909f56bfc062723c751e8b465ee728b)  -> (artifact id: '6f64d4ebc02ebb2a7e67c19af16c98da') in 0.000571 seconds
Number of updated asset objects reloaded before import = 0
Number of asset objects unloaded after import = 0
========================================================================
Received Import Request.
  Time since last request: 859.993046 seconds.
  path: Assets/Materials/cylinderMaterial.mat
  artifactKey: Guid(2862ae2cc734fe446bdfcc2d037378d4) Importer(815301076,1909f56bfc062723c751e8b465ee728b)
Start importing Assets/Materials/cylinderMaterial.mat using Guid(2862ae2cc734fe446bdfcc2d037378d4) Importer(815301076,1909f56bfc062723c751e8b465ee728b)  -> (artifact id: '1eb869c8bb0980499daf3f29aabb17b8') in 0.374418 seconds
Number of updated asset objects reloaded before import = 0
Number of asset objects unloaded after import = 1
========================================================================
Received Import Request.
  Time since last request: 2100.991212 seconds.
  path: Assets/Materials/cylinderMaterial.mat
  artifactKey: Guid(2862ae2cc734fe446bdfcc2d037378d4) Importer(815301076,1909f56bfc062723c751e8b465ee728b)
Start importing Assets/Materials/cylinderMaterial.mat using Guid(2862ae2cc734fe446bdfcc2d037378d4) Importer(815301076,1909f56bfc062723c751e8b465ee728b)  -> (artifact id: 'df989e78a849f5decd7d304c81d53391') in 0.022485 seconds
Number of updated asset objects reloaded before import = 0
Number of asset objects unloaded after import = 1
========================================================================
Received Prepare
Begin MonoManager ReloadAssembly
Symbol file LoadedFromMemory doesn't match image C:\Users\Alexei\Documents\GitHub\ROMAC_ClassRepo\ROMAC_myProject\Library\PackageCache\com.unity.visualscripting@1.8.0\Editor\VisualScripting.Core\Dependencies\YamlDotNet\Unity.VisualScripting.YamlDotNet.dll
Symbol file LoadedFromMemory doesn't match image C:\Users\Alexei\Documents\GitHub\ROMAC_ClassRepo\ROMAC_myProject\Library\PackageCache\com.unity.visualscripting@1.8.0\Editor\VisualScripting.Core\Dependencies\DotNetZip\Unity.VisualScripting.IonicZip.dll
- Loaded All Assemblies, in  0.724 seconds
Refreshing native plugins compatible for Editor in 2.90 ms, found 3 plugins.
Native extension for UWP target not found
Native extension for WindowsStandalone target not found
Mono: successfully reloaded assembly
- Finished resetting the current domain, in  0.797 seconds
Domain Reload Profiling: 1518ms
	BeginReloadAssembly (147ms)
		ExecutionOrderSort (0ms)
		DisableScriptedObjects (5ms)
		BackupInstance (0ms)
		ReleaseScriptingObjects (0ms)
		CreateAndSetChildDomain (35ms)
	RebuildCommonClasses (34ms)
	RebuildNativeTypeToScriptingClass (12ms)
	initialDomainReloadingComplete (32ms)
	LoadAllAssembliesAndSetupDomain (496ms)
		LoadAssemblies (275ms)
		RebuildTransferFunctionScriptingTraits (0ms)
		AnalyzeDomain (286ms)
			TypeCache.Refresh (279ms)
				TypeCache.ScanAssembly (268ms)
			ScanForSourceGeneratedMonoScriptInfo (3ms)
			ResolveRequiredComponents (5ms)
	FinalizeReload (798ms)
		ReleaseScriptCaches (0ms)
		RebuildScriptCaches (0ms)
		SetupLoadedEditorAssemblies (335ms)
			LogAssemblyErrors (0ms)
			InitializePlatformSupportModulesInManaged (8ms)
			SetLoadedEditorAssemblies (4ms)
			RefreshPlugins (0ms)
			BeforeProcessingInitializeOnLoad (60ms)
			ProcessInitializeOnLoadAttributes (235ms)
			ProcessInitializeOnLoadMethodAttributes (20ms)
			AfterProcessingInitializeOnLoad (8ms)
			EditorAssembliesLoaded (0ms)
		ExecutionOrderSort2 (0ms)
		AwakeInstancesAfterBackupRestoration (9ms)
Refreshing native plugins compatible for Editor in 3.12 ms, found 3 plugins.
Preloading 0 native plugins for Editor in 0.00 ms.
Unloading 3187 Unused Serialized files (Serialized files now loaded: 0)
Unloading 92 unused Assets / (5.5 MB). Loaded Objects now: 3635.
Memory consumption went from 144.1 MB to 138.5 MB.
Total: 4.939400 ms (FindLiveObjects: 0.450900 ms CreateObjectMapping: 0.115200 ms MarkObjects: 2.666700 ms  DeleteObjects: 1.704500 ms)

Prepare: number of updated asset objects reloaded= 0
AssetImportParameters requested are different than current active one (requested -> active):
  custom:container-demuxer-ogg: 62fdf1f143b41e24485cea50d1cbac27 -> 
  custom:video-decoder-ogg-theora: a1e56fd34408186e4bbccfd4996cb3dc -> 
  custom:framework-win-MediaFoundation: 216162199b28c13a410421893ffa2e32 -> 
  custom:CustomObjectIndexerAttribute: 756ad292c208cfabdd7b50bc23989ffe -> 
  custom:container-demuxer-webm: 4f35f7cbe854078d1ac9338744f61a02 -> 
  custom:container-muxer-webm: aa71ff27fc2769a1b78a27578f13a17b -> 
  custom:video-decoder-webm-vp8: 9c59270c3fd7afecdb556c50c9e8de78 -> 
  custom:AudioImporter_EditorPlatform: d09bf68614088b80899f8185d706f6e7 -> 
  custom:video-encoder-webm-vp8: eb34c28f22e8b96e1ab97ce403110664 -> 
  custom:audio-decoder-ogg-vorbis: bf7c407c2cedff20999df2af8eb42d56 -> 
  custom:audio-encoder-webm-vorbis: bf7c407c2cedff20999df2af8eb42d56 -> 
========================================================================
Received Import Request.
  Time since last request: 153.384893 seconds.
  path: Assets/MOBA and Tower Defense/Demo/Demo1_terrain.asset
  artifactKey: Guid(41f911a631149b245bd3e9d78f787b77) Importer(815301076,1909f56bfc062723c751e8b465ee728b)
Start importing Assets/MOBA and Tower Defense/Demo/Demo1_terrain.asset using Guid(41f911a631149b245bd3e9d78f787b77) Importer(815301076,1909f56bfc062723c751e8b465ee728b)  -> (artifact id: 'd93e2bc76e09b7f9f3aa1d1743d65672') in 0.190479 seconds
Number of updated asset objects reloaded before import = 0
Number of asset objects unloaded after import = 14
========================================================================
Received Import Request.
  Time since last request: 0.171652 seconds.
  path: Assets/MOBA and Tower Defense/Grounds/Grass1.tif
  artifactKey: Guid(b119d593413363f4284b2d8efd917447) Importer(815301076,1909f56bfc062723c751e8b465ee728b)
Start importing Assets/MOBA and Tower Defense/Grounds/Grass1.tif using Guid(b119d593413363f4284b2d8efd917447) Importer(815301076,1909f56bfc062723c751e8b465ee728b)  -> (artifact id: 'ae548006404a7d9099f6eac1ce6026ba') in 0.012207 seconds
Number of updated asset objects reloaded before import = 0
Number of asset objects unloaded after import = 2
========================================================================
Received Import Request.
  Time since last request: 0.000017 seconds.
  path: Assets/MOBA and Tower Defense/Grounds/Ground_03_winter.tif
  artifactKey: Guid(1310d9c2d4c028040beb96ac4e9d193a) Importer(815301076,1909f56bfc062723c751e8b465ee728b)
Start importing Assets/MOBA and Tower Defense/Grounds/Ground_03_winter.tif using Guid(1310d9c2d4c028040beb96ac4e9d193a) Importer(815301076,1909f56bfc062723c751e8b465ee728b)  -> (artifact id: 'e3986216736d068c0a56c2444a9643f0') in 0.020834 seconds
Number of updated asset objects reloaded before import = 0
Number of asset objects unloaded after import = 2
========================================================================
Received Import Request.
  Time since last request: 0.000022 seconds.
  path: Assets/MOBA and Tower Defense/Grounds/Tiled_bacground_level.mat
  artifactKey: Guid(69f9534987a90fc449540589eda57139) Importer(815301076,1909f56bfc062723c751e8b465ee728b)
Start importing Assets/MOBA and Tower Defense/Grounds/Tiled_bacground_level.mat using Guid(69f9534987a90fc449540589eda57139) Importer(815301076,1909f56bfc062723c751e8b465ee728b)  -> (artifact id: 'fa8f3135ec528467bb456b9934b40c17') in 1.430095 seconds
Number of updated asset objects reloaded before import = 0
Number of asset objects unloaded after import = 3
========================================================================
Received Import Request.
  Time since last request: 0.000119 seconds.
  path: Assets/MOBA and Tower Defense/Prefabs_Turrets/Tow_Mortar3.prefab
  artifactKey: Guid(df2f90cdab046fd43ae9e329d7e207c7) Importer(815301076,1909f56bfc062723c751e8b465ee728b)
Start importing Assets/MOBA and Tower Defense/Prefabs_Turrets/Tow_Mortar3.prefab using Guid(df2f90cdab046fd43ae9e329d7e207c7) Importer(815301076,1909f56bfc062723c751e8b465ee728b)  -> (artifact id: 'd27cdac2b940293a69c7bf6bce9c5bb6') in 0.056402 seconds
Number of updated asset objects reloaded before import = 0
Number of asset objects unloaded after import = 18
========================================================================
Received Import Request.
  Time since last request: 0.000021 seconds.
  path: Assets/MOBA and Tower Defense/Prefabs_Turrets/Tow_Plasma1.prefab
  artifactKey: Guid(f5649e6bb1f9f0844ad80a738929932f) Importer(815301076,1909f56bfc062723c751e8b465ee728b)
Start importing Assets/MOBA and Tower Defense/Prefabs_Turrets/Tow_Plasma1.prefab using Guid(f5649e6bb1f9f0844ad80a738929932f) Importer(815301076,1909f56bfc062723c751e8b465ee728b)  -> (artifact id: 'e40b5a4d3e5bb7c55d18ae7012c8d807') in 3.143802 seconds
Number of updated asset objects reloaded before import = 0
Number of asset objects unloaded after import = 28
========================================================================
Received Import Request.
  Time since last request: 0.000027 seconds.
  path: Assets/MOBA and Tower Defense/Prefabs_props/Column2.prefab
  artifactKey: Guid(9facb15d13b170d49aac481a28d98982) Importer(815301076,1909f56bfc062723c751e8b465ee728b)
Start importing Assets/MOBA and Tower Defense/Prefabs_props/Column2.prefab using Guid(9facb15d13b170d49aac481a28d98982) Importer(815301076,1909f56bfc062723c751e8b465ee728b)  -> (artifact id: 'f340ed295b5bfcffab4991aa7c2c68dc') in 1.742838 seconds
Number of updated asset objects reloaded before import = 0
Number of asset objects unloaded after import = 10
========================================================================
Received Import Request.
  Time since last request: 0.000031 seconds.
  path: Assets/MOBA and Tower Defense/Prefabs_props/Brickwall_debris1.prefab
  artifactKey: Guid(837a87df7f8e6d64caa0919c2fe30e20) Importer(815301076,1909f56bfc062723c751e8b465ee728b)
Start importing Assets/MOBA and Tower Defense/Prefabs_props/Brickwall_debris1.prefab using Guid(837a87df7f8e6d64caa0919c2fe30e20) Importer(815301076,1909f56bfc062723c751e8b465ee728b)  -> (artifact id: 'a5cf7dce17a62416fa1ba67e20d4ece6') in 0.023919 seconds
Number of updated asset objects reloaded before import = 0
Number of asset objects unloaded after import = 10
========================================================================
Received Import Request.
  Time since last request: 0.000024 seconds.
  path: Assets/MOBA and Tower Defense/Prefabs_props/Bush_06.prefab
  artifactKey: Guid(489889d61c0cab44a834ac85bb9bed99) Importer(815301076,1909f56bfc062723c751e8b465ee728b)
Start importing Assets/MOBA and Tower Defense/Prefabs_props/Bush_06.prefab using Guid(489889d61c0cab44a834ac85bb9bed99) Importer(815301076,1909f56bfc062723c751e8b465ee728b)  -> (artifact id: '9f9e3330c964d0756ff8767f62c16496') in 1.145965 seconds
Number of updated asset objects reloaded before import = 0
Number of asset objects unloaded after import = 9
========================================================================
Received Import Request.
  Time since last request: 0.000017 seconds.
  path: Assets/MOBA and Tower Defense/Prefabs_props/Column3C.prefab
  artifactKey: Guid(11c9a7d64617e6f4a851d4d467d67d12) Importer(815301076,1909f56bfc062723c751e8b465ee728b)
Start importing Assets/MOBA and Tower Defense/Prefabs_props/Column3C.prefab using Guid(11c9a7d64617e6f4a851d4d467d67d12) Importer(815301076,1909f56bfc062723c751e8b465ee728b)  -> (artifact id: '06982a258733323e2c7c5189806e796f') in 0.028088 seconds
Number of updated asset objects reloaded before import = 0
Number of asset objects unloaded after import = 10
========================================================================
Received Import Request.
  Time since last request: 0.000035 seconds.
  path: Assets/MOBA and Tower Defense/Prefabs_props/Mushroom4B.prefab
  artifactKey: Guid(8b38ae13aa19a694ebcbd987f062a26e) Importer(815301076,1909f56bfc062723c751e8b465ee728b)
Start importing Assets/MOBA and Tower Defense/Prefabs_props/Mushroom4B.prefab using Guid(8b38ae13aa19a694ebcbd987f062a26e) Importer(815301076,1909f56bfc062723c751e8b465ee728b)  -> (artifact id: 'fd64ce7a5d814e846a10206b953f4676') in 0.021036 seconds
Number of updated asset objects reloaded before import = 0
Number of asset objects unloaded after import = 9
========================================================================
Received Import Request.
  Time since last request: 0.000023 seconds.
  path: Assets/MOBA and Tower Defense/Prefabs_props/Mushroom1B.prefab
  artifactKey: Guid(7271eccc568dea24799dee1e090565ec) Importer(815301076,1909f56bfc062723c751e8b465ee728b)
Start importing Assets/MOBA and Tower Defense/Prefabs_props/Mushroom1B.prefab using Guid(7271eccc568dea24799dee1e090565ec) Importer(815301076,1909f56bfc062723c751e8b465ee728b)  -> (artifact id: 'd421ac94325876198cc6fbb9539f785b') in 0.028869 seconds
Number of updated asset objects reloaded before import = 0
Number of asset objects unloaded after import = 9
========================================================================
Received Import Request.
  Time since last request: 0.000023 seconds.
  path: Assets/MOBA and Tower Defense/Prefabs_Turrets/Tow_Gauss1.prefab
  artifactKey: Guid(f19bab0a1806549418cecad52f4a93f7) Importer(815301076,1909f56bfc062723c751e8b465ee728b)
Start importing Assets/MOBA and Tower Defense/Prefabs_Turrets/Tow_Gauss1.prefab using Guid(f19bab0a1806549418cecad52f4a93f7) Importer(815301076,1909f56bfc062723c751e8b465ee728b)  -> (artifact id: 'f4dfbc10541e0340bfea4bdcac03e055') in 0.023565 seconds
Number of updated asset objects reloaded before import = 0
Number of asset objects unloaded after import = 24
========================================================================
Received Import Request.
  Time since last request: 0.000854 seconds.
  path: Assets/MOBA and Tower Defense/Prefabs_props/Banner.prefab
  artifactKey: Guid(ae1bfaed41d170647b31864257fe8702) Importer(815301076,1909f56bfc062723c751e8b465ee728b)
Start importing Assets/MOBA and Tower Defense/Prefabs_props/Banner.prefab using Guid(ae1bfaed41d170647b31864257fe8702) Importer(815301076,1909f56bfc062723c751e8b465ee728b)  -> (artifact id: '1fa2b1431762a5910d07d6f26037e4b8') in 1.222330 seconds
Number of updated asset objects reloaded before import = 0
Number of asset objects unloaded after import = 10
========================================================================
Received Import Request.
  Time since last request: 0.000023 seconds.
  path: Assets/MOBA and Tower Defense/Prefabs_props/Brickwall1.prefab
  artifactKey: Guid(dff8285982e43174caf6caf1bbccdc46) Importer(815301076,1909f56bfc062723c751e8b465ee728b)
Start importing Assets/MOBA and Tower Defense/Prefabs_props/Brickwall1.prefab using Guid(dff8285982e43174caf6caf1bbccdc46) Importer(815301076,1909f56bfc062723c751e8b465ee728b)  -> (artifact id: '28cf241273e31295bab8d2e3668a945b') in 0.040276 seconds
Number of updated asset objects reloaded before import = 0
Number of asset objects unloaded after import = 10
========================================================================
Received Import Request.
  Time since last request: 0.000024 seconds.
  path: Assets/MOBA and Tower Defense/Prefabs_props/Bush_03.prefab
  artifactKey: Guid(82a05242721ef6643ae7c4fa68d3b969) Importer(815301076,1909f56bfc062723c751e8b465ee728b)
Start importing Assets/MOBA and Tower Defense/Prefabs_props/Bush_03.prefab using Guid(82a05242721ef6643ae7c4fa68d3b969) Importer(815301076,1909f56bfc062723c751e8b465ee728b)  -> (artifact id: 'ad4dc767a99d5cb3f63ca7500a8ff22c') in 0.029836 seconds
Number of updated asset objects reloaded before import = 0
Number of asset objects unloaded after import = 9
========================================================================
Received Import Request.
  Time since last request: 0.000403 seconds.
  path: Assets/MOBA and Tower Defense/Prefabs_props/Fence2.prefab
  artifactKey: Guid(be0f43278ab909646820d3db7d4d685b) Importer(815301076,1909f56bfc062723c751e8b465ee728b)
Start importing Assets/MOBA and Tower Defense/Prefabs_props/Fence2.prefab using Guid(be0f43278ab909646820d3db7d4d685b) Importer(815301076,1909f56bfc062723c751e8b465ee728b)  -> (artifact id: 'bff462d2a9c55c2d4980686225a5eb50') in 0.016570 seconds
Number of updated asset objects reloaded before import = 0
Number of asset objects unloaded after import = 11
========================================================================
Received Import Request.
  Time since last request: 0.000024 seconds.
  path: Assets/MOBA and Tower Defense/Prefabs_props/Plant_05.prefab
  artifactKey: Guid(8af93fd40fb409245b22b0e5c4c09cfb) Importer(815301076,1909f56bfc062723c751e8b465ee728b)
Start importing Assets/MOBA and Tower Defense/Prefabs_props/Plant_05.prefab using Guid(8af93fd40fb409245b22b0e5c4c09cfb) Importer(815301076,1909f56bfc062723c751e8b465ee728b)  -> (artifact id: '17839f1dac0e9bae968571e9b84888f4') in 0.023964 seconds
Number of updated asset objects reloaded before import = 0
Number of asset objects unloaded after import = 9
========================================================================
Received Import Request.
  Time since last request: 0.000095 seconds.
  path: Assets/MOBA and Tower Defense/Prefabs_Turrets/Tow_Radar3.prefab
  artifactKey: Guid(dad2e2dd2720c4a43b904e41d1795d64) Importer(815301076,1909f56bfc062723c751e8b465ee728b)
Start importing Assets/MOBA and Tower Defense/Prefabs_Turrets/Tow_Radar3.prefab using Guid(dad2e2dd2720c4a43b904e41d1795d64) Importer(815301076,1909f56bfc062723c751e8b465ee728b)  -> (artifact id: 'b6fc3de86db52be955fba22c4a897c59') in 0.041264 seconds
Number of updated asset objects reloaded before import = 0
Number of asset objects unloaded after import = 23
========================================================================
Received Import Request.
  Time since last request: 0.000015 seconds.
  path: Assets/MOBA and Tower Defense/Prefabs_Turrets/Tow_Tesla3.prefab
  artifactKey: Guid(9f78694aed8c71146979401f83ea14f3) Importer(815301076,1909f56bfc062723c751e8b465ee728b)
Start importing Assets/MOBA and Tower Defense/Prefabs_Turrets/Tow_Tesla3.prefab using Guid(9f78694aed8c71146979401f83ea14f3) Importer(815301076,1909f56bfc062723c751e8b465ee728b)  -> (artifact id: 'd908f07d2ffcd8b5cd4e9214cfa35c80') in 0.018108 seconds
Number of updated asset objects reloaded before import = 0
Number of asset objects unloaded after import = 26
========================================================================
Received Import Request.
  Time since last request: 0.000025 seconds.
  path: Assets/MOBA and Tower Defense/Prefabs_Turrets/Tow_Crossbow3.prefab
  artifactKey: Guid(4a98d7b6e8fc18e4bb66926cb30441d5) Importer(815301076,1909f56bfc062723c751e8b465ee728b)
Start importing Assets/MOBA and Tower Defense/Prefabs_Turrets/Tow_Crossbow3.prefab using Guid(4a98d7b6e8fc18e4bb66926cb30441d5) Importer(815301076,1909f56bfc062723c751e8b465ee728b)  -> (artifact id: '0e1ba9ee75868708a9436006ea8a10b5') in 1.049902 seconds
Number of updated asset objects reloaded before import = 0
Number of asset objects unloaded after import = 21
========================================================================
Received Import Request.
  Time since last request: 0.000021 seconds.
  path: Assets/MOBA and Tower Defense/Prefabs_props/Bush_02.prefab
  artifactKey: Guid(4fc951837d1497e42b0c1f7a31906ab6) Importer(815301076,1909f56bfc062723c751e8b465ee728b)
Start importing Assets/MOBA and Tower Defense/Prefabs_props/Bush_02.prefab using Guid(4fc951837d1497e42b0c1f7a31906ab6) Importer(815301076,1909f56bfc062723c751e8b465ee728b)  -> (artifact id: '1da3bce39efb99e9fac81120c3a9f5f9') in 0.027278 seconds
Number of updated asset objects reloaded before import = 0
Number of asset objects unloaded after import = 9
========================================================================
Received Import Request.
  Time since last request: 0.000488 seconds.
  path: Assets/MOBA and Tower Defense/Prefabs_props/Bush_07.prefab
  artifactKey: Guid(7bcdafa0fd94fdc40b204e11344e778e) Importer(815301076,1909f56bfc062723c751e8b465ee728b)
Start importing Assets/MOBA and Tower Defense/Prefabs_props/Bush_07.prefab using Guid(7bcdafa0fd94fdc40b204e11344e778e) Importer(815301076,1909f56bfc062723c751e8b465ee728b)  -> (artifact id: 'e318f29103e04d357bdf340f905c6c4e') in 0.021358 seconds
Number of updated asset objects reloaded before import = 0
Number of asset objects unloaded after import = 9
========================================================================
Received Import Request.
  Time since last request: 0.000021 seconds.
  path: Assets/MOBA and Tower Defense/Prefabs_props/Block4.prefab
  artifactKey: Guid(c4d6f39a8771c7248b47e7e2e914151d) Importer(815301076,1909f56bfc062723c751e8b465ee728b)
Start importing Assets/MOBA and Tower Defense/Prefabs_props/Block4.prefab using Guid(c4d6f39a8771c7248b47e7e2e914151d) Importer(815301076,1909f56bfc062723c751e8b465ee728b)  -> (artifact id: 'b3b4278e2f8b8772dcb2e9c30e27f2fb') in 0.022555 seconds
Number of updated asset objects reloaded before import = 0
Number of asset objects unloaded after import = 10
========================================================================
Received Import Request.
  Time since last request: 0.000020 seconds.
  path: Assets/MOBA and Tower Defense/Prefabs_props/Brickwall2.prefab
  artifactKey: Guid(2bf881ca1fa68584fbea20a8880898b0) Importer(815301076,1909f56bfc062723c751e8b465ee728b)
Start importing Assets/MOBA and Tower Defense/Prefabs_props/Brickwall2.prefab using Guid(2bf881ca1fa68584fbea20a8880898b0) Importer(815301076,1909f56bfc062723c751e8b465ee728b)  -> (artifact id: '859345ecf7e36da838a6fd7502149a5b') in 0.033556 seconds
Number of updated asset objects reloaded before import = 0
Number of asset objects unloaded after import = 10
========================================================================
Received Import Request.
  Time since last request: 0.000142 seconds.
  path: Assets/MOBA and Tower Defense/Prefabs_props/Plant_03.prefab
  artifactKey: Guid(f5d32f823f3c0cb4d81d3212e7536b51) Importer(815301076,1909f56bfc062723c751e8b465ee728b)
Start importing Assets/MOBA and Tower Defense/Prefabs_props/Plant_03.prefab using Guid(f5d32f823f3c0cb4d81d3212e7536b51) Importer(815301076,1909f56bfc062723c751e8b465ee728b)  -> (artifact id: '5f2d515ef197adc70d9a5f7533d48694') in 0.037597 seconds
Number of updated asset objects reloaded before import = 0
Number of asset objects unloaded after import = 9
========================================================================
Received Import Request.
  Time since last request: 0.005557 seconds.
  path: Assets/MOBA and Tower Defense/Prefabs_props/Fern1.prefab
  artifactKey: Guid(ccbd20ee5ad18d54ca6977adad173cc1) Importer(815301076,1909f56bfc062723c751e8b465ee728b)
Start importing Assets/MOBA and Tower Defense/Prefabs_props/Fern1.prefab using Guid(ccbd20ee5ad18d54ca6977adad173cc1) Importer(815301076,1909f56bfc062723c751e8b465ee728b)  -> (artifact id: '08ccff5f655da3c3cd4f016ab989b425') in 0.031389 seconds
Number of updated asset objects reloaded before import = 0
Number of asset objects unloaded after import = 9
========================================================================
Received Import Request.
  Time since last request: 0.000017 seconds.
  path: Assets/MOBA and Tower Defense/Prefabs_props/Barricade1.prefab
  artifactKey: Guid(9e9dade67ca4ddb468dda65f8fae0fa5) Importer(815301076,1909f56bfc062723c751e8b465ee728b)
Start importing Assets/MOBA and Tower Defense/Prefabs_props/Barricade1.prefab using Guid(9e9dade67ca4ddb468dda65f8fae0fa5) Importer(815301076,1909f56bfc062723c751e8b465ee728b)  -> (artifact id: '9ccfc1799a5e7b270cb8c74e424bc1e4') in 0.021786 seconds
Number of updated asset objects reloaded before import = 0
Number of asset objects unloaded after import = 10
========================================================================
Received Import Request.
  Time since last request: 0.000020 seconds.
  path: Assets/MOBA and Tower Defense/Prefabs_props/Crystal4.prefab
  artifactKey: Guid(24458321b6306c84aadd26944cbc66c0) Importer(815301076,1909f56bfc062723c751e8b465ee728b)
Start importing Assets/MOBA and Tower Defense/Prefabs_props/Crystal4.prefab using Guid(24458321b6306c84aadd26944cbc66c0) Importer(815301076,1909f56bfc062723c751e8b465ee728b)  -> (artifact id: '111067271829a8891ad03935382cad5e') in 0.073188 seconds
Number of updated asset objects reloaded before import = 0
Number of asset objects unloaded after import = 10
========================================================================
Received Import Request.
  Time since last request: 0.000017 seconds.
  path: Assets/MOBA and Tower Defense/Prefabs_props/Bush_04.prefab
  artifactKey: Guid(0795bf57a3062f34f912bb2e31102918) Importer(815301076,1909f56bfc062723c751e8b465ee728b)
Start importing Assets/MOBA and Tower Defense/Prefabs_props/Bush_04.prefab using Guid(0795bf57a3062f34f912bb2e31102918) Importer(815301076,1909f56bfc062723c751e8b465ee728b)  -> (artifact id: '2fa23f6005f7e6c8466719892163ebed') in 0.024872 seconds
Number of updated asset objects reloaded before import = 0
Number of asset objects unloaded after import = 9
========================================================================
Received Import Request.
  Time since last request: 0.000027 seconds.
  path: Assets/MOBA and Tower Defense/Prefabs_Particles/Campfire_particle.prefab
  artifactKey: Guid(09129c9be4885334bb094bdc6b42af01) Importer(815301076,1909f56bfc062723c751e8b465ee728b)
Start importing Assets/MOBA and Tower Defense/Prefabs_Particles/Campfire_particle.prefab using Guid(09129c9be4885334bb094bdc6b42af01) Importer(815301076,1909f56bfc062723c751e8b465ee728b)  -> (artifact id: '5773d79ff53cc25bb8a5c8b5b64145ac') in 0.020287 seconds
Number of updated asset objects reloaded before import = 0
Number of asset objects unloaded after import = 24
========================================================================
Received Import Request.
  Time since last request: 0.000065 seconds.
  path: Assets/MOBA and Tower Defense/Prefabs_props/Floor5.prefab
  artifactKey: Guid(0aaf4775e9535e64581877bfa1427924) Importer(815301076,1909f56bfc062723c751e8b465ee728b)
Start importing Assets/MOBA and Tower Defense/Prefabs_props/Floor5.prefab using Guid(0aaf4775e9535e64581877bfa1427924) Importer(815301076,1909f56bfc062723c751e8b465ee728b)  -> (artifact id: '7dd266c67fec9f2e92793584adc96f51') in 0.030409 seconds
Number of updated asset objects reloaded before import = 0
Number of asset objects unloaded after import = 9
========================================================================
Received Import Request.
  Time since last request: 0.005896 seconds.
  path: Assets/MOBA and Tower Defense/Prefabs_props/Bones_04.prefab
  artifactKey: Guid(8ebd5a04bbc6b444aacdd6e208d15329) Importer(815301076,1909f56bfc062723c751e8b465ee728b)
Start importing Assets/MOBA and Tower Defense/Prefabs_props/Bones_04.prefab using Guid(8ebd5a04bbc6b444aacdd6e208d15329) Importer(815301076,1909f56bfc062723c751e8b465ee728b)  -> (artifact id: 'ebb57c280cba651f57979782929c70e1') in 0.030982 seconds
Number of updated asset objects reloaded before import = 0
Number of asset objects unloaded after import = 9
========================================================================
Received Import Request.
  Time since last request: 0.000021 seconds.
  path: Assets/MOBA and Tower Defense/Prefabs_Turrets/Tow_Gauss2.prefab
  artifactKey: Guid(c119a40460af80f4e9080a825013988e) Importer(815301076,1909f56bfc062723c751e8b465ee728b)
Start importing Assets/MOBA and Tower Defense/Prefabs_Turrets/Tow_Gauss2.prefab using Guid(c119a40460af80f4e9080a825013988e) Importer(815301076,1909f56bfc062723c751e8b465ee728b)  -> (artifact id: 'a24b336d7308ea40bb8acb2b28fe06ec') in 0.021032 seconds
Number of updated asset objects reloaded before import = 0
Number of asset objects unloaded after import = 24
========================================================================
Received Import Request.
  Time since last request: 0.000015 seconds.
  path: Assets/MOBA and Tower Defense/Prefabs_Turrets/Tow_Gatling2.prefab
  artifactKey: Guid(2aa8c673a02289a4eb2f9de59e099aa9) Importer(815301076,1909f56bfc062723c751e8b465ee728b)
Start importing Assets/MOBA and Tower Defense/Prefabs_Turrets/Tow_Gatling2.prefab using Guid(2aa8c673a02289a4eb2f9de59e099aa9) Importer(815301076,1909f56bfc062723c751e8b465ee728b)  -> (artifact id: 'ac0c5fa63735ecaf8bd1cd0a806b11c1') in 0.025872 seconds
Number of updated asset objects reloaded before import = 0
Number of asset objects unloaded after import = 21
========================================================================
Received Import Request.
  Time since last request: 0.000022 seconds.
  path: Assets/MOBA and Tower Defense/Prefabs_props/Lumber.prefab
  artifactKey: Guid(55d14e642662a884e9ecac6760a19fbc) Importer(815301076,1909f56bfc062723c751e8b465ee728b)
Start importing Assets/MOBA and Tower Defense/Prefabs_props/Lumber.prefab using Guid(55d14e642662a884e9ecac6760a19fbc) Importer(815301076,1909f56bfc062723c751e8b465ee728b)  -> (artifact id: '2a5004217d3ff2b0b55a287870b75ea4') in 0.026491 seconds
Number of updated asset objects reloaded before import = 0
Number of asset objects unloaded after import = 11
========================================================================
Received Import Request.
  Time since last request: 0.000022 seconds.
  path: Assets/MOBA and Tower Defense/Prefabs_Turrets/Tow_Acid3.prefab
  artifactKey: Guid(1277a8af31442e34ca56b7c78983c211) Importer(815301076,1909f56bfc062723c751e8b465ee728b)
Start importing Assets/MOBA and Tower Defense/Prefabs_Turrets/Tow_Acid3.prefab using Guid(1277a8af31442e34ca56b7c78983c211) Importer(815301076,1909f56bfc062723c751e8b465ee728b)  -> (artifact id: '5086aaec936b38e5e58553ee7d01c98b') in 0.022016 seconds
Number of updated asset objects reloaded before import = 0
Number of asset objects unloaded after import = 24
========================================================================
Received Import Request.
  Time since last request: 0.000038 seconds.
  path: Assets/MOBA and Tower Defense/Prefabs_Turrets/Tow_Gatling1.prefab
  artifactKey: Guid(59b6bf2d6fd22cb46af59b75237dcd77) Importer(815301076,1909f56bfc062723c751e8b465ee728b)
Start importing Assets/MOBA and Tower Defense/Prefabs_Turrets/Tow_Gatling1.prefab using Guid(59b6bf2d6fd22cb46af59b75237dcd77) Importer(815301076,1909f56bfc062723c751e8b465ee728b)  -> (artifact id: '5cb48f0f660954ffac7312f3fd926677') in 0.035492 seconds
Number of updated asset objects reloaded before import = 0
Number of asset objects unloaded after import = 21
========================================================================
Received Import Request.
  Time since last request: 0.000032 seconds.
  path: Assets/MOBA and Tower Defense/Prefabs_props/Mushroom4A.prefab
  artifactKey: Guid(15d3254f6d085ff419d2f355c2a5af53) Importer(815301076,1909f56bfc062723c751e8b465ee728b)
Start importing Assets/MOBA and Tower Defense/Prefabs_props/Mushroom4A.prefab using Guid(15d3254f6d085ff419d2f355c2a5af53) Importer(815301076,1909f56bfc062723c751e8b465ee728b)  -> (artifact id: '6a177ea16fee66f3712af3631f8bc173') in 0.025791 seconds
Number of updated asset objects reloaded before import = 0
Number of asset objects unloaded after import = 9
========================================================================
Received Import Request.
  Time since last request: 0.000032 seconds.
  path: Assets/MOBA and Tower Defense/Prefabs_props/Prop_Chest2.prefab
  artifactKey: Guid(6e31fcf3a5e5d404eac801c536f96612) Importer(815301076,1909f56bfc062723c751e8b465ee728b)
Start importing Assets/MOBA and Tower Defense/Prefabs_props/Prop_Chest2.prefab using Guid(6e31fcf3a5e5d404eac801c536f96612) Importer(815301076,1909f56bfc062723c751e8b465ee728b)  -> (artifact id: '765368aecf3d83ae24e094838b3aa73d') in 0.027489 seconds
Number of updated asset objects reloaded before import = 0
Number of asset objects unloaded after import = 10
========================================================================
Received Import Request.
  Time since last request: 0.000020 seconds.
  path: Assets/MOBA and Tower Defense/Prefabs_props/Crystal2.prefab
  artifactKey: Guid(f8782c2ba3a6875438cd978bf991f94b) Importer(815301076,1909f56bfc062723c751e8b465ee728b)
Start importing Assets/MOBA and Tower Defense/Prefabs_props/Crystal2.prefab using Guid(f8782c2ba3a6875438cd978bf991f94b) Importer(815301076,1909f56bfc062723c751e8b465ee728b)  -> (artifact id: 'b1aec4154e0727465e2b82c4f653ff47') in 0.038963 seconds
Number of updated asset objects reloaded before import = 0
Number of asset objects unloaded after import = 10
========================================================================
Received Import Request.
  Time since last request: 0.000020 seconds.
  path: Assets/MOBA and Tower Defense/Prefabs_props/Barrier4.prefab
  artifactKey: Guid(6ecbe4b744e5b7b4d8fda9548b86d702) Importer(815301076,1909f56bfc062723c751e8b465ee728b)
Start importing Assets/MOBA and Tower Defense/Prefabs_props/Barrier4.prefab using Guid(6ecbe4b744e5b7b4d8fda9548b86d702) Importer(815301076,1909f56bfc062723c751e8b465ee728b)  -> (artifact id: 'b4e0ea370d51ea6e1e81c9055bb2fae1') in 0.020879 seconds
Number of updated asset objects reloaded before import = 0
Number of asset objects unloaded after import = 11
========================================================================
Received Import Request.
  Time since last request: 0.000014 seconds.
  path: Assets/MOBA and Tower Defense/Prefabs_Turrets/Tow_Gatling3.prefab
  artifactKey: Guid(2e3d5a9aaebe7714b881e8151969cbb5) Importer(815301076,1909f56bfc062723c751e8b465ee728b)
Start importing Assets/MOBA and Tower Defense/Prefabs_Turrets/Tow_Gatling3.prefab using Guid(2e3d5a9aaebe7714b881e8151969cbb5) Importer(815301076,1909f56bfc062723c751e8b465ee728b)  -> (artifact id: '91d908cfccf9a8f17a2129f55f8335fb') in 0.028187 seconds
Number of updated asset objects reloaded before import = 0
Number of asset objects unloaded after import = 21
========================================================================
Received Import Request.
  Time since last request: 0.000024 seconds.
  path: Assets/MOBA and Tower Defense/Prefabs_props/Jar1B.prefab
  artifactKey: Guid(c69eab95f76bdec499cb800d4a80b894) Importer(815301076,1909f56bfc062723c751e8b465ee728b)
Start importing Assets/MOBA and Tower Defense/Prefabs_props/Jar1B.prefab using Guid(c69eab95f76bdec499cb800d4a80b894) Importer(815301076,1909f56bfc062723c751e8b465ee728b)  -> (artifact id: 'a119fe5819e43153ba973afb7053994c') in 0.020710 seconds
Number of updated asset objects reloaded before import = 0
Number of asset objects unloaded after import = 10
========================================================================
Received Import Request.
  Time since last request: 0.000023 seconds.
  path: Assets/MOBA and Tower Defense/Prefabs_props/Column3A.prefab
  artifactKey: Guid(fab7a0968f3f01241af2ca4974eb6c5e) Importer(815301076,1909f56bfc062723c751e8b465ee728b)
Start importing Assets/MOBA and Tower Defense/Prefabs_props/Column3A.prefab using Guid(fab7a0968f3f01241af2ca4974eb6c5e) Importer(815301076,1909f56bfc062723c751e8b465ee728b)  -> (artifact id: '4eb56e9a417af2222be00d9471539f2e') in 0.028340 seconds
Number of updated asset objects reloaded before import = 0
Number of asset objects unloaded after import = 10
========================================================================
Received Import Request.
  Time since last request: 0.000020 seconds.
  path: Assets/MOBA and Tower Defense/Prefabs_props/Bones_05.prefab
  artifactKey: Guid(1f2566c26432c7748b3367933137fc52) Importer(815301076,1909f56bfc062723c751e8b465ee728b)
Start importing Assets/MOBA and Tower Defense/Prefabs_props/Bones_05.prefab using Guid(1f2566c26432c7748b3367933137fc52) Importer(815301076,1909f56bfc062723c751e8b465ee728b)  -> (artifact id: 'e3b45640921069df976e1dd5dc0cfffc') in 0.025461 seconds
Number of updated asset objects reloaded before import = 0
Number of asset objects unloaded after import = 9
========================================================================
Received Import Request.
  Time since last request: 0.000470 seconds.
  path: Assets/MOBA and Tower Defense/Prefabs_props/Brickwall_debris2.prefab
  artifactKey: Guid(90824036e7d108b49b5cd5bd6effef58) Importer(815301076,1909f56bfc062723c751e8b465ee728b)
Start importing Assets/MOBA and Tower Defense/Prefabs_props/Brickwall_debris2.prefab using Guid(90824036e7d108b49b5cd5bd6effef58) Importer(815301076,1909f56bfc062723c751e8b465ee728b)  -> (artifact id: 'a7ba441b2d5802f5d65cde6d54eb2c25') in 0.029645 seconds
Number of updated asset objects reloaded before import = 0
Number of asset objects unloaded after import = 10
========================================================================
Received Import Request.
  Time since last request: 0.000017 seconds.
  path: Assets/MOBA and Tower Defense/Grounds/Ground_03.tif
  artifactKey: Guid(b7def513e46b90c44ad5fd2e2b6dc64e) Importer(815301076,1909f56bfc062723c751e8b465ee728b)
Start importing Assets/MOBA and Tower Defense/Grounds/Ground_03.tif using Guid(b7def513e46b90c44ad5fd2e2b6dc64e) Importer(815301076,1909f56bfc062723c751e8b465ee728b)  -> (artifact id: '95496d3da494c3bb9139810700fe9350') in 0.022536 seconds
Number of updated asset objects reloaded before import = 0
Number of asset objects unloaded after import = 2
========================================================================
Received Import Request.
  Time since last request: 0.000029 seconds.
  path: Assets/MOBA and Tower Defense/Prefabs_Turrets/Tow_Crystal2.prefab
  artifactKey: Guid(0122838a3961c8841bbe19d43f368918) Importer(815301076,1909f56bfc062723c751e8b465ee728b)
Start importing Assets/MOBA and Tower Defense/Prefabs_Turrets/Tow_Crystal2.prefab using Guid(0122838a3961c8841bbe19d43f368918) Importer(815301076,1909f56bfc062723c751e8b465ee728b)  -> (artifact id: 'eb1c7ec64abbd34a0f053850f6c81423') in 1.109685 seconds
Internal: There are remaining Allocations on the JobTempAlloc. This is a leak, and will impact performance
To Debug, run app with -diag-job-temp-memory-leak-validation cmd line argument. This will output the callstacks of the leaked allocations.
Number of updated asset objects reloaded before import = 0
Number of asset objects unloaded after import = 23
========================================================================
Received Import Request.
  Time since last request: 0.000019 seconds.
  path: Assets/MOBA and Tower Defense/Prefabs_props/Barrier1.prefab
  artifactKey: Guid(145943aeed3e4bd48bc609e6a6378f31) Importer(815301076,1909f56bfc062723c751e8b465ee728b)
Start importing Assets/MOBA and Tower Defense/Prefabs_props/Barrier1.prefab using Guid(145943aeed3e4bd48bc609e6a6378f31) Importer(815301076,1909f56bfc062723c751e8b465ee728b)  -> (artifact id: 'fbd3c4e6b3a3aaba72ee06db38fe7f61') in 0.024160 seconds
Internal: There are remaining Allocations on the JobTempAlloc. This is a leak, and will impact performance
To Debug, run app with -diag-job-temp-memory-leak-validation cmd line argument. This will output the callstacks of the leaked allocations.
Number of updated asset objects reloaded before import = 0
Number of asset objects unloaded after import = 11
========================================================================
Received Import Request.
  Time since last request: 0.000219 seconds.
  path: Assets/MOBA and Tower Defense/Prefabs_props/Block1.prefab
  artifactKey: Guid(cd6192db1ed9f434393078734efa25e5) Importer(815301076,1909f56bfc062723c751e8b465ee728b)
Start importing Assets/MOBA and Tower Defense/Prefabs_props/Block1.prefab using Guid(cd6192db1ed9f434393078734efa25e5) Importer(815301076,1909f56bfc062723c751e8b465ee728b)  -> (artifact id: 'a607aeef737bd1bf3ae8e97fe77d008e') in 0.039530 seconds
Internal: There are remaining Allocations on the JobTempAlloc. This is a leak, and will impact performance
To Debug, run app with -diag-job-temp-memory-leak-validation cmd line argument. This will output the callstacks of the leaked allocations.
Number of updated asset objects reloaded before import = 0
Number of asset objects unloaded after import = 10
========================================================================
Received Import Request.
  Time since last request: 0.000030 seconds.
  path: Assets/MOBA and Tower Defense/Prefabs_props/Mushroom3B.prefab
  artifactKey: Guid(63fac3fccc6dbd14f9c3ef7ffb588df8) Importer(815301076,1909f56bfc062723c751e8b465ee728b)
Start importing Assets/MOBA and Tower Defense/Prefabs_props/Mushroom3B.prefab using Guid(63fac3fccc6dbd14f9c3ef7ffb588df8) Importer(815301076,1909f56bfc062723c751e8b465ee728b)  -> (artifact id: 'c0d90aeb2f2305bfbf7ae67b2fd40a12') in 0.042871 seconds
Internal: There are remaining Allocations on the JobTempAlloc. This is a leak, and will impact performance
To Debug, run app with -diag-job-temp-memory-leak-validation cmd line argument. This will output the callstacks of the leaked allocations.
Number of updated asset objects reloaded before import = 0
Number of asset objects unloaded after import = 9
========================================================================
Received Import Request.
  Time since last request: 0.000016 seconds.
  path: Assets/MOBA and Tower Defense/Prefabs_props/Campfire.prefab
  artifactKey: Guid(57101be5092d449418905f928b7a3227) Importer(815301076,1909f56bfc062723c751e8b465ee728b)
Start importing Assets/MOBA and Tower Defense/Prefabs_props/Campfire.prefab using Guid(57101be5092d449418905f928b7a3227) Importer(815301076,1909f56bfc062723c751e8b465ee728b)  -> (artifact id: 'c6887518323a54221e2f50795c125264') in 0.034968 seconds
Internal: JobTempAlloc has allocations that are more than the maximum lifespan of 4 frames old - this is not allowed and likely a leak
To Debug, run app with -diag-job-temp-memory-leak-validation cmd line argument. This will output the callstacks of the leaked allocations.
Internal: There are remaining Allocations on the JobTempAlloc. This is a leak, and will impact performance
To Debug, run app with -diag-job-temp-memory-leak-validation cmd line argument. This will output the callstacks of the leaked allocations.
Number of updated asset objects reloaded before import = 0
Number of asset objects unloaded after import = 36
Editor requested this worker to shutdown with reason: Scaling down because of idle timeout
TcpMessagingSession - receive error: operation aborted. errorcode: 995, details: The I/O operation has been aborted because of either a thread exit or an application request.
AssetImportWorker is now disconnected from the server
Process exiting
Exiting without the bug reporter. Application will terminate with return code 0