Unity Editor version:    2022.3.4f1 (35713cd46cd7)
Branch:                  2022.3/staging
Build type:              Release
Batch mode:              YES
macOS version:           Version 13.4.1 (Build 22F82)
Darwin version:          22.5.0
Architecture:            x86_64
Running under Rosetta:   YES
Available memory:        16384 MB
Using pre-set license
Pro License: YES

COMMAND LINE ARGUMENTS:
/Applications/Unity/Hub/Editor/2022.3.4f1/Unity.app/Contents/MacOS/Unity
-adb2
-batchMode
-noUpm
-name
AssetImportWorker0
-projectPath
/Users/arturobringas/Documents/GitHub/ROMAC_ClassRepo/ROMAC_myProject
-logFile
Logs/AssetImportWorker0.log
-srvPort
59007
Successfully changed project path to: /Users/arturobringas/Documents/GitHub/ROMAC_ClassRepo/ROMAC_myProject
/Users/arturobringas/Documents/GitHub/ROMAC_ClassRepo/ROMAC_myProject
[UnityMemory] Configuration Parameters - Can be set up in boot.config
    "memorysetup-bucket-allocator-granularity=16"
    "memorysetup-bucket-allocator-bucket-count=8"
    "memorysetup-bucket-allocator-block-size=33554432"
    "memorysetup-bucket-allocator-block-count=8"
    "memorysetup-main-allocator-block-size=16777216"
    "memorysetup-thread-allocator-block-size=16777216"
    "memorysetup-gfx-main-allocator-block-size=16777216"
    "memorysetup-gfx-thread-allocator-block-size=16777216"
    "memorysetup-cache-allocator-block-size=4194304"
    "memorysetup-typetree-allocator-block-size=2097152"
    "memorysetup-profiler-bucket-allocator-granularity=16"
    "memorysetup-profiler-bucket-allocator-bucket-count=8"
    "memorysetup-profiler-bucket-allocator-block-size=33554432"
    "memorysetup-profiler-bucket-allocator-block-count=8"
    "memorysetup-profiler-allocator-block-size=16777216"
    "memorysetup-profiler-editor-allocator-block-size=1048576"
    "memorysetup-temp-allocator-size-main=16777216"
    "memorysetup-job-temp-allocator-block-size=2097152"
    "memorysetup-job-temp-allocator-block-size-background=1048576"
    "memorysetup-job-temp-allocator-reduction-small-platforms=262144"
    "memorysetup-allocator-temp-initial-block-size-main=262144"
    "memorysetup-allocator-temp-initial-block-size-worker=262144"
    "memorysetup-temp-allocator-size-background-worker=32768"
    "memorysetup-temp-allocator-size-job-worker=262144"
    "memorysetup-temp-allocator-size-preload-manager=33554432"
    "memorysetup-temp-allocator-size-nav-mesh-worker=65536"
    "memorysetup-temp-allocator-size-audio-worker=65536"
    "memorysetup-temp-allocator-size-cloud-worker=32768"
    "memorysetup-temp-allocator-size-gi-baking-worker=262144"
    "memorysetup-temp-allocator-size-gfx=262144"
Player connection [8746553984] Host "[IP] 192.168.100.47 [Port] 0 [Flags] 2 [Guid] 236708935 [EditorId] 236708935 [Version] 1048832 [Id] OSXEditor(0,Arturos-MacBook-Pro.local) [Debug] 1 [PackageName] OSXEditor [ProjectName] Editor" joined multi-casting on [225.0.0.222:54997]...

Player connection [8746553984] Host "[IP] 192.168.100.47 [Port] 0 [Flags] 2 [Guid] 236708935 [EditorId] 236708935 [Version] 1048832 [Id] OSXEditor(0,Arturos-MacBook-Pro.local) [Debug] 1 [PackageName] OSXEditor [ProjectName] Editor" joined alternative multi-casting on [225.0.0.222:34997]...

Refreshing native plugins compatible for Editor in 2.09 ms, found 2 plugins.
Preloading 0 native plugins for Editor in 0.00 ms.
Initialize engine version: 2022.3.4f1 (35713cd46cd7)
[Subsystems] Discovering subsystems at path /Applications/Unity/Hub/Editor/2022.3.4f1/Unity.app/Contents/Resources/UnitySubsystems
[Subsystems] Discovering subsystems at path /Users/arturobringas/Documents/GitHub/ROMAC_ClassRepo/ROMAC_myProject/Assets
GfxDevice: creating device client; threaded=0; jobified=0
 preferred device: Apple M2 (high power)
Metal devices available: 1
0: Apple M2 (high power)
Using device Apple M2 (high power)
Initializing Metal device caps: Apple M2
Initialize mono
Mono path[0] = '/Applications/Unity/Hub/Editor/2022.3.4f1/Unity.app/Contents/Managed'
Mono path[1] = '/Applications/Unity/Hub/Editor/2022.3.4f1/Unity.app/Contents/MonoBleedingEdge/lib/mono/unityjit-macos'
Mono config path = '/Applications/Unity/Hub/Editor/2022.3.4f1/Unity.app/Contents/MonoBleedingEdge/etc'
Using monoOptions --debugger-agent=transport=dt_socket,embedding=1,server=y,suspend=n,address=127.0.0.1:56610
Begin MonoManager ReloadAssembly
Registering precompiled unity dll's ...
Register platform support module: /Applications/Unity/Hub/Editor/2022.3.4f1/Unity.app/Contents/PlaybackEngines/MacStandaloneSupport/UnityEditor.OSXStandalone.Extensions.dll
Registered in 0.000887 seconds.
- Loaded All Assemblies, in  0.472 seconds
Native extension for OSXStandalone target not found
Mono: successfully reloaded assembly
- Finished resetting the current domain, in  0.802 seconds
Domain Reload Profiling: 1274ms
	BeginReloadAssembly (192ms)
		ExecutionOrderSort (0ms)
		DisableScriptedObjects (0ms)
		BackupInstance (0ms)
		ReleaseScriptingObjects (0ms)
		CreateAndSetChildDomain (2ms)
	RebuildCommonClasses (31ms)
	RebuildNativeTypeToScriptingClass (10ms)
	initialDomainReloadingComplete (120ms)
	LoadAllAssembliesAndSetupDomain (119ms)
		LoadAssemblies (190ms)
		RebuildTransferFunctionScriptingTraits (0ms)
		AnalyzeDomain (116ms)
			TypeCache.Refresh (114ms)
				TypeCache.ScanAssembly (104ms)
			ScanForSourceGeneratedMonoScriptInfo (0ms)
			ResolveRequiredComponents (2ms)
	FinalizeReload (803ms)
		ReleaseScriptCaches (0ms)
		RebuildScriptCaches (0ms)
		SetupLoadedEditorAssemblies (681ms)
			LogAssemblyErrors (0ms)
			InitializePlatformSupportModulesInManaged (22ms)
			SetLoadedEditorAssemblies (16ms)
			RefreshPlugins (0ms)
			BeforeProcessingInitializeOnLoad (7ms)
			ProcessInitializeOnLoadAttributes (462ms)
			ProcessInitializeOnLoadMethodAttributes (175ms)
			AfterProcessingInitializeOnLoad (0ms)
			EditorAssembliesLoaded (0ms)
		ExecutionOrderSort2 (0ms)
		AwakeInstancesAfterBackupRestoration (0ms)
========================================================================
Worker process is ready to serve import requests
Begin MonoManager ReloadAssembly
Symbol file LoadedFromMemory doesn't match image /Users/arturobringas/Documents/GitHub/ROMAC_ClassRepo/ROMAC_myProject/Library/PackageCache/com.unity.visualscripting@1.8.0/Editor/VisualScripting.Core/Dependencies/YamlDotNet/Unity.VisualScripting.YamlDotNet.dll
Symbol file LoadedFromMemory doesn't match image /Users/arturobringas/Documents/GitHub/ROMAC_ClassRepo/ROMAC_myProject/Library/PackageCache/com.unity.visualscripting@1.8.0/Editor/VisualScripting.Core/Dependencies/DotNetZip/Unity.VisualScripting.IonicZip.dll
- Loaded All Assemblies, in  0.949 seconds
Refreshing native plugins compatible for Editor in 0.92 ms, found 2 plugins.
Native extension for OSXStandalone target not found
Mono: successfully reloaded assembly
- Finished resetting the current domain, in  1.485 seconds
Domain Reload Profiling: 2436ms
	BeginReloadAssembly (267ms)
		ExecutionOrderSort (0ms)
		DisableScriptedObjects (35ms)
		BackupInstance (0ms)
		ReleaseScriptingObjects (0ms)
		CreateAndSetChildDomain (25ms)
	RebuildCommonClasses (34ms)
	RebuildNativeTypeToScriptingClass (10ms)
	initialDomainReloadingComplete (103ms)
	LoadAllAssembliesAndSetupDomain (535ms)
		LoadAssemblies (386ms)
		RebuildTransferFunctionScriptingTraits (0ms)
		AnalyzeDomain (267ms)
			TypeCache.Refresh (235ms)
				TypeCache.ScanAssembly (225ms)
			ScanForSourceGeneratedMonoScriptInfo (24ms)
			ResolveRequiredComponents (8ms)
	FinalizeReload (1486ms)
		ReleaseScriptCaches (0ms)
		RebuildScriptCaches (0ms)
		SetupLoadedEditorAssemblies (1167ms)
			LogAssemblyErrors (0ms)
			InitializePlatformSupportModulesInManaged (13ms)
			SetLoadedEditorAssemblies (7ms)
			RefreshPlugins (0ms)
			BeforeProcessingInitializeOnLoad (108ms)
			ProcessInitializeOnLoadAttributes (945ms)
			ProcessInitializeOnLoadMethodAttributes (93ms)
			AfterProcessingInitializeOnLoad (1ms)
			EditorAssembliesLoaded (0ms)
		ExecutionOrderSort2 (0ms)
		AwakeInstancesAfterBackupRestoration (10ms)
Launching external process: /Applications/Unity/Hub/Editor/2022.3.4f1/Unity.app/Contents/Tools/UnityShaderCompiler
Launched and connected shader compiler UnityShaderCompiler after 0.09 seconds
Refreshing native plugins compatible for Editor in 0.89 ms, found 2 plugins.
Preloading 0 native plugins for Editor in 0.00 ms.
Unloading 3194 Unused Serialized files (Serialized files now loaded: 0)
Unloading 30 unused Assets / (29.0 KB). Loaded Objects now: 3693.
Memory consumption went from 157.3 MB to 157.3 MB.
Total: 2.584625 ms (FindLiveObjects: 0.136416 ms CreateObjectMapping: 0.064834 ms MarkObjects: 2.329084 ms  DeleteObjects: 0.053666 ms)

AssetImportParameters requested are different than current active one (requested -> active):
  custom:container-demuxer-ogg: 62fdf1f143b41e24485cea50d1cbac27 -> 
  custom:video-decoder-ogg-theora: a1e56fd34408186e4bbccfd4996cb3dc -> 
  custom:CustomObjectIndexerAttribute: 756ad292c208cfabdd7b50bc23989ffe -> 
  custom:container-demuxer-webm: 4f35f7cbe854078d1ac9338744f61a02 -> 
  custom:container-muxer-webm: aa71ff27fc2769a1b78a27578f13a17b -> 
  custom:video-decoder-webm-vp8: 9c59270c3fd7afecdb556c50c9e8de78 -> 
  custom:AudioImporter_EditorPlatform: 3918e3fc78b5a79bad01e8451be0beb8 -> 
  custom:framework-osx-AVFoundation: e770b220cccbd017edd2c1fefb359320 -> 
  custom:video-encoder-webm-vp8: eb34c28f22e8b96e1ab97ce403110664 -> 
  custom:audio-decoder-ogg-vorbis: bf7c407c2cedff20999df2af8eb42d56 -> 
  custom:audio-encoder-webm-vorbis: bf7c407c2cedff20999df2af8eb42d56 -> 
========================================================================
Received Import Request.
  Time since last request: 8919.146076 seconds.
  path: Assets/MOBA and Tower Defense/Demo
  artifactKey: Guid(1f904dec05375804eaab238f1c81eb45) Importer(815301076,1909f56bfc062723c751e8b465ee728b)
Start importing Assets/MOBA and Tower Defense/Demo using Guid(1f904dec05375804eaab238f1c81eb45) Importer(815301076,1909f56bfc062723c751e8b465ee728b)  -> (artifact id: '8db65a4eb72b15c589d010e897b5657d') in 0.006639 seconds
Number of updated asset objects reloaded before import = 0
Number of asset objects unloaded after import = 0
========================================================================
Received Import Request.
  Time since last request: 0.029871 seconds.
  path: Assets/MOBA and Tower Defense/Demo/Sky1.mat
  artifactKey: Guid(0ce14ee7cd14ea947b747d7f4e6595b5) Importer(815301076,1909f56bfc062723c751e8b465ee728b)
Start importing Assets/MOBA and Tower Defense/Demo/Sky1.mat using Guid(0ce14ee7cd14ea947b747d7f4e6595b5) Importer(815301076,1909f56bfc062723c751e8b465ee728b)  -> (artifact id: '52f8ae19926d2d60f7cea31bfce84a86') in 0.443275 seconds
Number of updated asset objects reloaded before import = 0
Number of asset objects unloaded after import = 1
========================================================================
Received Import Request.
  Time since last request: 43.018899 seconds.
  path: Assets/PolygonDungeon/Scenes/Demo.unity
  artifactKey: Guid(7dd3b3b67a8b56d4e8640fa6891eaf3b) Importer(815301076,1909f56bfc062723c751e8b465ee728b)
Start importing Assets/PolygonDungeon/Scenes/Demo.unity using Guid(7dd3b3b67a8b56d4e8640fa6891eaf3b) Importer(815301076,1909f56bfc062723c751e8b465ee728b)  -> (artifact id: '976fa5713fd464f7461bbba01e5df876') in 0.000593 seconds
Number of updated asset objects reloaded before import = 0
Number of asset objects unloaded after import = 0
========================================================================
Received Import Request.
  Time since last request: 21.547894 seconds.
  path: Assets/Scenes/New Scene 1.unity
  artifactKey: Guid(3fcf5b17520d2489bbac25258e961a04) Importer(815301076,1909f56bfc062723c751e8b465ee728b)
Start importing Assets/Scenes/New Scene 1.unity using Guid(3fcf5b17520d2489bbac25258e961a04) Importer(815301076,1909f56bfc062723c751e8b465ee728b)  -> (artifact id: '1d41755ff07fa163188301ec7dd90c5f') in 0.000492 seconds
Number of updated asset objects reloaded before import = 0
Number of asset objects unloaded after import = 0
========================================================================
Received Import Request.
  Time since last request: 9.945989 seconds.
  path: Assets/Scenes/Unity Essentials.unity
  artifactKey: Guid(3fcf5b17520d2489bbac25258e961a04) Importer(815301076,1909f56bfc062723c751e8b465ee728b)
Start importing Assets/Scenes/Unity Essentials.unity using Guid(3fcf5b17520d2489bbac25258e961a04) Importer(815301076,1909f56bfc062723c751e8b465ee728b)  -> (artifact id: 'd791a93eea62812fa4b347bc90181289') in 0.000342 seconds
Number of updated asset objects reloaded before import = 0
Number of asset objects unloaded after import = 0
========================================================================
Received Import Request.
  Time since last request: 6.831736 seconds.
  path: Assets/PolygonDungeon/Textures/Dungeons_Texture_01.png
  artifactKey: Guid(b24b57e0cfed05643be34b0256df875e) Importer(815301076,1909f56bfc062723c751e8b465ee728b)
Start importing Assets/PolygonDungeon/Textures/Dungeons_Texture_01.png using Guid(b24b57e0cfed05643be34b0256df875e) Importer(815301076,1909f56bfc062723c751e8b465ee728b)  -> (artifact id: '7f9d8563a5284ae7d965209da2156b20') in 0.035362 seconds
Number of updated asset objects reloaded before import = 0
Number of asset objects unloaded after import = 2
========================================================================
Received Import Request.
  Time since last request: 0.000040 seconds.
  path: Assets/PolygonDungeon/Textures/Dungeons_Texture_04.png
  artifactKey: Guid(e2470a432baf43f4b9602fe6cb1753ba) Importer(815301076,1909f56bfc062723c751e8b465ee728b)
Start importing Assets/PolygonDungeon/Textures/Dungeons_Texture_04.png using Guid(e2470a432baf43f4b9602fe6cb1753ba) Importer(815301076,1909f56bfc062723c751e8b465ee728b)  -> (artifact id: '1d8afbed4e0c39f842dcab4a07bd1e60') in 0.005823 seconds
Number of updated asset objects reloaded before import = 0
Number of asset objects unloaded after import = 2
========================================================================
Received Import Request.
  Time since last request: 0.000178 seconds.
  path: Assets/PolygonDungeon/Textures/Dungeons_Texture_03.png
  artifactKey: Guid(a2e781ab9b9e5d748b74706dcbbab973) Importer(815301076,1909f56bfc062723c751e8b465ee728b)
Start importing Assets/PolygonDungeon/Textures/Dungeons_Texture_03.png using Guid(a2e781ab9b9e5d748b74706dcbbab973) Importer(815301076,1909f56bfc062723c751e8b465ee728b)  -> (artifact id: '41031867dddf143b39f8f0b9300aeac9') in 0.004545 seconds
Number of updated asset objects reloaded before import = 0
Number of asset objects unloaded after import = 2
========================================================================
Received Import Request.
  Time since last request: 61.819489 seconds.
  path: Assets/Prefabs
  artifactKey: Guid(942b537a0d98e4b9ea6b67018e1bd77f) Importer(815301076,1909f56bfc062723c751e8b465ee728b)
Start importing Assets/Prefabs using Guid(942b537a0d98e4b9ea6b67018e1bd77f) Importer(815301076,1909f56bfc062723c751e8b465ee728b)  -> (artifact id: '83ae7f8daa2807402f448ba8e77c0721') in 0.000538 seconds
Number of updated asset objects reloaded before import = 0
Number of asset objects unloaded after import = 0
========================================================================
Received Import Request.
  Time since last request: 5.513515 seconds.
  path: Assets/Prefabs/Furnace.prefab
  artifactKey: Guid(c7829b19ae1a44e5caaa384b0b46d793) Importer(815301076,1909f56bfc062723c751e8b465ee728b)
Start importing Assets/Prefabs/Furnace.prefab using Guid(c7829b19ae1a44e5caaa384b0b46d793) Importer(815301076,1909f56bfc062723c751e8b465ee728b)  -> (artifact id: '60c688286c93c4406ca7e420703e4a48') in 0.130393 seconds
Number of updated asset objects reloaded before import = 0
Number of asset objects unloaded after import = 549
========================================================================
Received Import Request.
  Time since last request: 9.454043 seconds.
  path: Assets/Prefabs/Furnace.prefab
  artifactKey: Guid(c7829b19ae1a44e5caaa384b0b46d793) Importer(815301076,1909f56bfc062723c751e8b465ee728b)
Start importing Assets/Prefabs/Furnace.prefab using Guid(c7829b19ae1a44e5caaa384b0b46d793) Importer(815301076,1909f56bfc062723c751e8b465ee728b)  -> (artifact id: 'b88e1e58b032aafc4362622f1812d1d1') in 0.029128 seconds
Number of updated asset objects reloaded before import = 0
Number of asset objects unloaded after import = 549
========================================================================
Received Import Request.
  Time since last request: 88.080061 seconds.
  path: Assets/Prefabs/Long_Hall.prefab
  artifactKey: Guid(5632a58c6fd01441ca5fd3dd909d334f) Importer(815301076,1909f56bfc062723c751e8b465ee728b)
Start importing Assets/Prefabs/Long_Hall.prefab using Guid(5632a58c6fd01441ca5fd3dd909d334f) Importer(815301076,1909f56bfc062723c751e8b465ee728b)  -> (artifact id: '0fcce08958723b484e8ea955ed3de94e') in 0.281347 seconds
Number of updated asset objects reloaded before import = 0
Number of asset objects unloaded after import = 4172
========================================================================
Received Import Request.
  Time since last request: 568.411494 seconds.
  path: Assets/Scripts
  artifactKey: Guid(106845a04829345aba9be92fb9ac065c) Importer(815301076,1909f56bfc062723c751e8b465ee728b)
Start importing Assets/Scripts using Guid(106845a04829345aba9be92fb9ac065c) Importer(815301076,1909f56bfc062723c751e8b465ee728b)  -> (artifact id: '65fcdfc5c316add2a924f6f105be2754') in 0.001608 seconds
Number of updated asset objects reloaded before import = 0
Number of asset objects unloaded after import = 0
========================================================================
Received Import Request.
  Time since last request: 47.109261 seconds.
  path: Assets/Scripts/MyComponente.cs
  artifactKey: Guid(187243c51651e41a385dad0593e966cd) Importer(815301076,1909f56bfc062723c751e8b465ee728b)
Start importing Assets/Scripts/MyComponente.cs using Guid(187243c51651e41a385dad0593e966cd) Importer(815301076,1909f56bfc062723c751e8b465ee728b)  -> (artifact id: '1c8311835a50db079d16ebebab991245') in 0.000544 seconds
Number of updated asset objects reloaded before import = 0
Number of asset objects unloaded after import = 0
========================================================================
Received Prepare
Begin MonoManager ReloadAssembly
Symbol file LoadedFromMemory doesn't match image /Users/arturobringas/Documents/GitHub/ROMAC_ClassRepo/ROMAC_myProject/Library/PackageCache/com.unity.visualscripting@1.8.0/Editor/VisualScripting.Core/Dependencies/YamlDotNet/Unity.VisualScripting.YamlDotNet.dll
Symbol file LoadedFromMemory doesn't match image /Users/arturobringas/Documents/GitHub/ROMAC_ClassRepo/ROMAC_myProject/Library/PackageCache/com.unity.visualscripting@1.8.0/Editor/VisualScripting.Core/Dependencies/DotNetZip/Unity.VisualScripting.IonicZip.dll
- Loaded All Assemblies, in  0.807 seconds
Refreshing native plugins compatible for Editor in 0.93 ms, found 2 plugins.
Native extension for OSXStandalone target not found
Mono: successfully reloaded assembly
- Finished resetting the current domain, in  1.578 seconds
Domain Reload Profiling: 2385ms
	BeginReloadAssembly (238ms)
		ExecutionOrderSort (0ms)
		DisableScriptedObjects (28ms)
		BackupInstance (0ms)
		ReleaseScriptingObjects (0ms)
		CreateAndSetChildDomain (50ms)
	RebuildCommonClasses (32ms)
	RebuildNativeTypeToScriptingClass (10ms)
	initialDomainReloadingComplete (53ms)
	LoadAllAssembliesAndSetupDomain (474ms)
		LoadAssemblies (343ms)
		RebuildTransferFunctionScriptingTraits (0ms)
		AnalyzeDomain (241ms)
			TypeCache.Refresh (230ms)
				TypeCache.ScanAssembly (217ms)
			ScanForSourceGeneratedMonoScriptInfo (4ms)
			ResolveRequiredComponents (7ms)
	FinalizeReload (1579ms)
		ReleaseScriptCaches (0ms)
		RebuildScriptCaches (0ms)
		SetupLoadedEditorAssemblies (1013ms)
			LogAssemblyErrors (0ms)
			InitializePlatformSupportModulesInManaged (15ms)
			SetLoadedEditorAssemblies (7ms)
			RefreshPlugins (0ms)
			BeforeProcessingInitializeOnLoad (102ms)
			ProcessInitializeOnLoadAttributes (805ms)
			ProcessInitializeOnLoadMethodAttributes (82ms)
			AfterProcessingInitializeOnLoad (2ms)
			EditorAssembliesLoaded (0ms)
		ExecutionOrderSort2 (0ms)
		AwakeInstancesAfterBackupRestoration (10ms)
Refreshing native plugins compatible for Editor in 0.84 ms, found 2 plugins.
Preloading 0 native plugins for Editor in 0.00 ms.
Unloading 3118 Unused Serialized files (Serialized files now loaded: 0)
Unloading 22 unused Assets / (30.5 KB). Loaded Objects now: 3741.
Memory consumption went from 147.4 MB to 147.4 MB.
Total: 2.246375 ms (FindLiveObjects: 0.138417 ms CreateObjectMapping: 0.060208 ms MarkObjects: 2.007708 ms  DeleteObjects: 0.039542 ms)

Prepare: number of updated asset objects reloaded= 0
AssetImportParameters requested are different than current active one (requested -> active):
  custom:container-demuxer-ogg: 62fdf1f143b41e24485cea50d1cbac27 -> 
  custom:video-decoder-ogg-theora: a1e56fd34408186e4bbccfd4996cb3dc -> 
  custom:CustomObjectIndexerAttribute: 756ad292c208cfabdd7b50bc23989ffe -> 
  custom:container-demuxer-webm: 4f35f7cbe854078d1ac9338744f61a02 -> 
  custom:container-muxer-webm: aa71ff27fc2769a1b78a27578f13a17b -> 
  custom:video-decoder-webm-vp8: 9c59270c3fd7afecdb556c50c9e8de78 -> 
  custom:AudioImporter_EditorPlatform: 3918e3fc78b5a79bad01e8451be0beb8 -> 
  custom:framework-osx-AVFoundation: e770b220cccbd017edd2c1fefb359320 -> 
  custom:video-encoder-webm-vp8: eb34c28f22e8b96e1ab97ce403110664 -> 
  custom:audio-decoder-ogg-vorbis: bf7c407c2cedff20999df2af8eb42d56 -> 
  custom:audio-encoder-webm-vorbis: bf7c407c2cedff20999df2af8eb42d56 -> 
========================================================================
Received Import Request.
  Time since last request: 115.253830 seconds.
  path: Assets/MOBA and Tower Defense/Prefabs_Turrets/_origin/Models/Tow_Laser3.fbx
  artifactKey: Guid(9f0ce83c610817145bf8eff3e3268a6c) Importer(815301076,1909f56bfc062723c751e8b465ee728b)
Start importing Assets/MOBA and Tower Defense/Prefabs_Turrets/_origin/Models/Tow_Laser3.fbx using Guid(9f0ce83c610817145bf8eff3e3268a6c) Importer(815301076,1909f56bfc062723c751e8b465ee728b)  -> (artifact id: 'b77e9caca74bbec29902e2ec3eeef4a6') in 0.803007 seconds
Number of updated asset objects reloaded before import = 0
Number of asset objects unloaded after import = 24
========================================================================
Received Import Request.
  Time since last request: 0.000076 seconds.
  path: Assets/MOBA and Tower Defense/Prefabs_Turrets/_origin/Models/Tow_Rocket2_2.fbx
  artifactKey: Guid(40e73417bcf5f3a48b870c75ef18378c) Importer(815301076,1909f56bfc062723c751e8b465ee728b)
Start importing Assets/MOBA and Tower Defense/Prefabs_Turrets/_origin/Models/Tow_Rocket2_2.fbx using Guid(40e73417bcf5f3a48b870c75ef18378c) Importer(815301076,1909f56bfc062723c751e8b465ee728b)  -> (artifact id: 'f64f6d8f17037585296905f9bf7c7851') in 0.274894 seconds
Number of updated asset objects reloaded before import = 0
Number of asset objects unloaded after import = 18
========================================================================
Received Import Request.
  Time since last request: 0.000216 seconds.
  path: Assets/MOBA and Tower Defense/Prefabs_Turrets/_origin/Models/Tow_Rocket2_1.fbx
  artifactKey: Guid(d148e928d5ef0bf4193d563bfc3a7bcc) Importer(815301076,1909f56bfc062723c751e8b465ee728b)
Start importing Assets/MOBA and Tower Defense/Prefabs_Turrets/_origin/Models/Tow_Rocket2_1.fbx using Guid(d148e928d5ef0bf4193d563bfc3a7bcc) Importer(815301076,1909f56bfc062723c751e8b465ee728b)  -> (artifact id: 'dc2104b76b6871d695e87b35f46f72a6') in 0.026436 seconds
Number of updated asset objects reloaded before import = 0
Number of asset objects unloaded after import = 18
========================================================================
Received Import Request.
  Time since last request: 0.000087 seconds.
  path: Assets/MOBA and Tower Defense/Prefabs_Turrets/_origin/Models/Tow_Plasma2.fbx
  artifactKey: Guid(ebab1e46fd26eb94aac218692264b9ce) Importer(815301076,1909f56bfc062723c751e8b465ee728b)
Start importing Assets/MOBA and Tower Defense/Prefabs_Turrets/_origin/Models/Tow_Plasma2.fbx using Guid(ebab1e46fd26eb94aac218692264b9ce) Importer(815301076,1909f56bfc062723c751e8b465ee728b)  -> (artifact id: '292932cf5f9db00537c067892d0d0752') in 0.030811 seconds
Number of updated asset objects reloaded before import = 0
Number of asset objects unloaded after import = 22
========================================================================
Received Import Request.
  Time since last request: 0.000052 seconds.
  path: Assets/MOBA and Tower Defense/Prefabs_Turrets/_origin/Models/Tow_Plasma3.fbx
  artifactKey: Guid(064d1ba77ebc5a047b8811d149b8852f) Importer(815301076,1909f56bfc062723c751e8b465ee728b)
Start importing Assets/MOBA and Tower Defense/Prefabs_Turrets/_origin/Models/Tow_Plasma3.fbx using Guid(064d1ba77ebc5a047b8811d149b8852f) Importer(815301076,1909f56bfc062723c751e8b465ee728b)  -> (artifact id: 'a02f59c02ff30b4671afefe2aff048f1') in 0.029827 seconds
Number of updated asset objects reloaded before import = 0
Number of asset objects unloaded after import = 22
========================================================================
Received Import Request.
  Time since last request: 0.000082 seconds.
  path: Assets/MOBA and Tower Defense/Prefabs_Turrets/_origin/Models/Tow_Machinegun1.fbx
  artifactKey: Guid(966cdfbc12e9da74b84ac0e8958d91cc) Importer(815301076,1909f56bfc062723c751e8b465ee728b)
Start importing Assets/MOBA and Tower Defense/Prefabs_Turrets/_origin/Models/Tow_Machinegun1.fbx using Guid(966cdfbc12e9da74b84ac0e8958d91cc) Importer(815301076,1909f56bfc062723c751e8b465ee728b)  -> (artifact id: 'ba68cbaa1d64486b31c5f2aaaff91bef') in 0.035823 seconds
Number of updated asset objects reloaded before import = 0
Number of asset objects unloaded after import = 23
========================================================================
Received Import Request.
  Time since last request: 0.000374 seconds.
  path: Assets/MOBA and Tower Defense/Prefabs_Turrets/_origin/Models/Tow_Laser2.fbx
  artifactKey: Guid(b78ae3ec915479f4ba515060a1fbd677) Importer(815301076,1909f56bfc062723c751e8b465ee728b)
Start importing Assets/MOBA and Tower Defense/Prefabs_Turrets/_origin/Models/Tow_Laser2.fbx using Guid(b78ae3ec915479f4ba515060a1fbd677) Importer(815301076,1909f56bfc062723c751e8b465ee728b)  -> (artifact id: 'f6ee0fe0973d1869bfcab50c9f7614ab') in 0.032686 seconds
Number of updated asset objects reloaded before import = 0
Number of asset objects unloaded after import = 24
========================================================================
Received Import Request.
  Time since last request: 0.001211 seconds.
  path: Assets/MOBA and Tower Defense/Prefabs_Turrets/_origin/Models/Tow_Gatling1.fbx
  artifactKey: Guid(0926d3081f292b543a1bfb0f11e84669) Importer(815301076,1909f56bfc062723c751e8b465ee728b)
Start importing Assets/MOBA and Tower Defense/Prefabs_Turrets/_origin/Models/Tow_Gatling1.fbx using Guid(0926d3081f292b543a1bfb0f11e84669) Importer(815301076,1909f56bfc062723c751e8b465ee728b)  -> (artifact id: '32a59a7d4e63d65065621bd5aa798cc7') in 0.032870 seconds
Number of updated asset objects reloaded before import = 0
Number of asset objects unloaded after import = 21
========================================================================
Received Import Request.
  Time since last request: 0.000254 seconds.
  path: Assets/MOBA and Tower Defense/Prefabs_Turrets/_origin/Models/Tow_Gatling2.fbx
  artifactKey: Guid(797fd7f1ce784034cbeed07a2ca87f43) Importer(815301076,1909f56bfc062723c751e8b465ee728b)
Start importing Assets/MOBA and Tower Defense/Prefabs_Turrets/_origin/Models/Tow_Gatling2.fbx using Guid(797fd7f1ce784034cbeed07a2ca87f43) Importer(815301076,1909f56bfc062723c751e8b465ee728b)  -> (artifact id: '160c6e1929214c68c602e026443f426f') in 0.029227 seconds
Number of updated asset objects reloaded before import = 0
Number of asset objects unloaded after import = 21
========================================================================
Received Import Request.
  Time since last request: 0.000219 seconds.
  path: Assets/MOBA and Tower Defense/Prefabs_Turrets/_origin/Models/Tow_Fire2.fbx
  artifactKey: Guid(71c6516f537ab274cb8dbd949f10c81f) Importer(815301076,1909f56bfc062723c751e8b465ee728b)
Start importing Assets/MOBA and Tower Defense/Prefabs_Turrets/_origin/Models/Tow_Fire2.fbx using Guid(71c6516f537ab274cb8dbd949f10c81f) Importer(815301076,1909f56bfc062723c751e8b465ee728b)  -> (artifact id: '031da6cf342722931710b67861289622') in 0.032743 seconds
Number of updated asset objects reloaded before import = 0
Number of asset objects unloaded after import = 24
========================================================================
Received Import Request.
  Time since last request: 0.000069 seconds.
  path: Assets/MOBA and Tower Defense/Prefabs_Turrets/_origin/Models/Tow_Fire1.fbx
  artifactKey: Guid(c15206e4f68920d44be26aec15740879) Importer(815301076,1909f56bfc062723c751e8b465ee728b)
Start importing Assets/MOBA and Tower Defense/Prefabs_Turrets/_origin/Models/Tow_Fire1.fbx using Guid(c15206e4f68920d44be26aec15740879) Importer(815301076,1909f56bfc062723c751e8b465ee728b)  -> (artifact id: 'ab6188dad9b80eca69ca07a226a5ed06') in 0.026544 seconds
Number of updated asset objects reloaded before import = 0
Number of asset objects unloaded after import = 24
========================================================================
Received Import Request.
  Time since last request: 0.000035 seconds.
  path: Assets/MOBA and Tower Defense/Prefabs_Turrets/_origin/Models/Tow_Gauss3.fbx
  artifactKey: Guid(4b20f1534eca9b044ad29066945b87d0) Importer(815301076,1909f56bfc062723c751e8b465ee728b)
Start importing Assets/MOBA and Tower Defense/Prefabs_Turrets/_origin/Models/Tow_Gauss3.fbx using Guid(4b20f1534eca9b044ad29066945b87d0) Importer(815301076,1909f56bfc062723c751e8b465ee728b)  -> (artifact id: '8eb06fb6abac818283a1fd77b14c7083') in 0.033028 seconds
Number of updated asset objects reloaded before import = 0
Number of asset objects unloaded after import = 24
========================================================================
Received Import Request.
  Time since last request: 0.000054 seconds.
  path: Assets/MOBA and Tower Defense/Prefabs_Turrets/_origin/Models/Tow_Gauss1.fbx
  artifactKey: Guid(70ecfbc49ec0ef548b582f1504c9166a) Importer(815301076,1909f56bfc062723c751e8b465ee728b)
Start importing Assets/MOBA and Tower Defense/Prefabs_Turrets/_origin/Models/Tow_Gauss1.fbx using Guid(70ecfbc49ec0ef548b582f1504c9166a) Importer(815301076,1909f56bfc062723c751e8b465ee728b)  -> (artifact id: '432699f26cede2412e95c48608d86a8c') in 0.028170 seconds
Number of updated asset objects reloaded before import = 0
Number of asset objects unloaded after import = 24
========================================================================
Received Import Request.
  Time since last request: 0.000256 seconds.
  path: Assets/MOBA and Tower Defense/Prefabs_Turrets/_origin/Models/Tow_Laser1.fbx
  artifactKey: Guid(fdf018c8812bb854c9f4a08685a4198f) Importer(815301076,1909f56bfc062723c751e8b465ee728b)
Start importing Assets/MOBA and Tower Defense/Prefabs_Turrets/_origin/Models/Tow_Laser1.fbx using Guid(fdf018c8812bb854c9f4a08685a4198f) Importer(815301076,1909f56bfc062723c751e8b465ee728b)  -> (artifact id: 'c837c9ea1aa8ca124ec37f089927d3d1') in 0.039702 seconds
Number of updated asset objects reloaded before import = 0
Number of asset objects unloaded after import = 24
========================================================================
Received Import Request.
  Time since last request: 0.000103 seconds.
  path: Assets/MOBA and Tower Defense/Prefabs_Turrets/_origin/Models/Tow_Fire3.fbx
  artifactKey: Guid(249ff5c4948c5a34f9652f6c016c2f61) Importer(815301076,1909f56bfc062723c751e8b465ee728b)
Start importing Assets/MOBA and Tower Defense/Prefabs_Turrets/_origin/Models/Tow_Fire3.fbx using Guid(249ff5c4948c5a34f9652f6c016c2f61) Importer(815301076,1909f56bfc062723c751e8b465ee728b)  -> (artifact id: 'b00bb7f61a2d785993a4a96d14e08c3e') in 0.032156 seconds
Number of updated asset objects reloaded before import = 0
Number of asset objects unloaded after import = 24
========================================================================
Received Import Request.
  Time since last request: 0.000083 seconds.
  path: Assets/MOBA and Tower Defense/Prefabs_Turrets/_origin/Models/Tow_Acid1.fbx
  artifactKey: Guid(c332731a1100c354d9dc28f43999c3ea) Importer(815301076,1909f56bfc062723c751e8b465ee728b)
Start importing Assets/MOBA and Tower Defense/Prefabs_Turrets/_origin/Models/Tow_Acid1.fbx using Guid(c332731a1100c354d9dc28f43999c3ea) Importer(815301076,1909f56bfc062723c751e8b465ee728b)  -> (artifact id: 'b57647558f10829821c1c730f23a01ba') in 0.034779 seconds
Number of updated asset objects reloaded before import = 0
Number of asset objects unloaded after import = 24
========================================================================
Received Import Request.
  Time since last request: 0.000453 seconds.
  path: Assets/MOBA and Tower Defense/Prefabs_Turrets/_origin/Models/Tow_Rocket2_3.fbx
  artifactKey: Guid(ab358a2d26b86564b8dd484816ed9d02) Importer(815301076,1909f56bfc062723c751e8b465ee728b)
Start importing Assets/MOBA and Tower Defense/Prefabs_Turrets/_origin/Models/Tow_Rocket2_3.fbx using Guid(ab358a2d26b86564b8dd484816ed9d02) Importer(815301076,1909f56bfc062723c751e8b465ee728b)  -> (artifact id: 'a7fe29444f4cf0c87b5b8da0f8a6b793') in 0.027255 seconds
Number of updated asset objects reloaded before import = 0
Number of asset objects unloaded after import = 23
========================================================================
Received Import Request.
  Time since last request: 0.691219 seconds.
  path: Assets/PolygonDungeon/Models/FX_CubePivot.fbx
  artifactKey: Guid(0731b2ab7b5255640a6ab9e8f2c9d9e4) Importer(815301076,1909f56bfc062723c751e8b465ee728b)
Start importing Assets/PolygonDungeon/Models/FX_CubePivot.fbx using Guid(0731b2ab7b5255640a6ab9e8f2c9d9e4) Importer(815301076,1909f56bfc062723c751e8b465ee728b)  -> (artifact id: '58322bd8b774ce1b7da4760e6af0172b') in 0.052926 seconds
Number of updated asset objects reloaded before import = 0
Number of asset objects unloaded after import = 7
========================================================================
Received Import Request.
  Time since last request: 0.000267 seconds.
  path: Assets/MOBA and Tower Defense/Prefabs_props/Models/Muzzle_fx/Fx1_1.fbx
  artifactKey: Guid(0e5577c28dbf80f49b90ab963c60a222) Importer(815301076,1909f56bfc062723c751e8b465ee728b)
Start importing Assets/MOBA and Tower Defense/Prefabs_props/Models/Muzzle_fx/Fx1_1.fbx using Guid(0e5577c28dbf80f49b90ab963c60a222) Importer(815301076,1909f56bfc062723c751e8b465ee728b)  -> (artifact id: 'db1b96350eb0f02fd1da130b9cce7677') in 0.024668 seconds
Number of updated asset objects reloaded before import = 0
Number of asset objects unloaded after import = 11
========================================================================
Received Import Request.
  Time since last request: 0.002206 seconds.
  path: Assets/MOBA and Tower Defense/Prefabs_Particles/Muzzle/Fx1_1.fbx
  artifactKey: Guid(c198e21ad63de414c9aa4a827b06806d) Importer(815301076,1909f56bfc062723c751e8b465ee728b)
Start importing Assets/MOBA and Tower Defense/Prefabs_Particles/Muzzle/Fx1_1.fbx using Guid(c198e21ad63de414c9aa4a827b06806d) Importer(815301076,1909f56bfc062723c751e8b465ee728b)  -> (artifact id: '897f84b20506704031a078114d7bc2fd') in 0.020782 seconds
Number of updated asset objects reloaded before import = 0
Number of asset objects unloaded after import = 9
========================================================================
Received Import Request.
  Time since last request: 0.000453 seconds.
  path: Assets/PolygonDungeon/Models/SM_LightRayCube.fbx
  artifactKey: Guid(f5a8fb991f3e155499a180524f340497) Importer(815301076,1909f56bfc062723c751e8b465ee728b)
Start importing Assets/PolygonDungeon/Models/SM_LightRayCube.fbx using Guid(f5a8fb991f3e155499a180524f340497) Importer(815301076,1909f56bfc062723c751e8b465ee728b)  -> (artifact id: 'c8e99e8569862f635c10188c6c8c0a1b') in 0.058484 seconds
Number of updated asset objects reloaded before import = 0
Number of asset objects unloaded after import = 16
========================================================================
Received Import Request.
  Time since last request: 30.948343 seconds.
  path: Assets/PolygonDungeon/Materials/Dungeon_Material_01.mat
  artifactKey: Guid(42b64fdb315e3054ea757d8d1c4bcfa7) Importer(815301076,1909f56bfc062723c751e8b465ee728b)
Start importing Assets/PolygonDungeon/Materials/Dungeon_Material_01.mat using Guid(42b64fdb315e3054ea757d8d1c4bcfa7) Importer(815301076,1909f56bfc062723c751e8b465ee728b)  -> (artifact id: '93cc5fedc0af8c6faca9abce9072508a') in 0.095107 seconds
Number of updated asset objects reloaded before import = 0
Number of asset objects unloaded after import = 4
========================================================================
Received Import Request.
  Time since last request: 0.000219 seconds.
  path: Assets/PolygonDungeon/Materials/Alternatives/Dungeon_Material_04_A.mat
  artifactKey: Guid(d1bae770b379c6e499b93122bbe784cb) Importer(815301076,1909f56bfc062723c751e8b465ee728b)
Start importing Assets/PolygonDungeon/Materials/Alternatives/Dungeon_Material_04_A.mat using Guid(d1bae770b379c6e499b93122bbe784cb) Importer(815301076,1909f56bfc062723c751e8b465ee728b)  -> (artifact id: 'c3098b82b412f59c12ef386800b1797d') in 0.018391 seconds
Number of updated asset objects reloaded before import = 0
Number of asset objects unloaded after import = 3
========================================================================
Received Import Request.
  Time since last request: 0.000362 seconds.
  path: Assets/PolygonDungeon/Materials/Alternatives/Dungeon_Material_02_A.mat
  artifactKey: Guid(adbe0f4574273aa469f66a7c5f8d6876) Importer(815301076,1909f56bfc062723c751e8b465ee728b)
Start importing Assets/PolygonDungeon/Materials/Alternatives/Dungeon_Material_02_A.mat using Guid(adbe0f4574273aa469f66a7c5f8d6876) Importer(815301076,1909f56bfc062723c751e8b465ee728b)  -> (artifact id: '10a8443082c384284f48518117047de3') in 0.015583 seconds
Number of updated asset objects reloaded before import = 0
Number of asset objects unloaded after import = 3
========================================================================
Received Import Request.
  Time since last request: 0.001840 seconds.
  path: Assets/PolygonDungeon/Materials/Alternatives/Dungeon_Material_04_D.mat
  artifactKey: Guid(677c1b3a96d0442478c508f22f3dff23) Importer(815301076,1909f56bfc062723c751e8b465ee728b)
Start importing Assets/PolygonDungeon/Materials/Alternatives/Dungeon_Material_04_D.mat using Guid(677c1b3a96d0442478c508f22f3dff23) Importer(815301076,1909f56bfc062723c751e8b465ee728b)  -> (artifact id: '6d77b55b599bdf007c16a846e2dd2718') in 0.015263 seconds
Number of updated asset objects reloaded before import = 0
Number of asset objects unloaded after import = 3
========================================================================
Received Import Request.
  Time since last request: 0.000411 seconds.
  path: Assets/PolygonDungeon/Materials/Misc/Dungeon_Material_Ice.mat
  artifactKey: Guid(6f564942779400d418ee39582abb85a6) Importer(815301076,1909f56bfc062723c751e8b465ee728b)
Start importing Assets/PolygonDungeon/Materials/Misc/Dungeon_Material_Ice.mat using Guid(6f564942779400d418ee39582abb85a6) Importer(815301076,1909f56bfc062723c751e8b465ee728b)  -> (artifact id: 'b15724547dac495393e8fd470d7f281c') in 0.490752 seconds
Number of updated asset objects reloaded before import = 0
Number of asset objects unloaded after import = 3
Editor requested this worker to shutdown with reason: Scaling down because of idle timeout
TcpMessagingSession - receive error: operation aborted. errorcode: 89, details: Operation aborted.
AssetImportWorker is now disconnected from the server
Process exiting
