Unity Editor version:    2022.3.4f1 (35713cd46cd7)
Branch:                  2022.3/staging
Build type:              Release
Batch mode:              YES
macOS version:           Version 13.4.1 (Build 22F82)
Darwin version:          22.5.0
Architecture:            x86_64
Running under Rosetta:   YES
Available memory:        16384 MB
Using pre-set license
Pro License: YES

COMMAND LINE ARGUMENTS:
/Applications/Unity/Hub/Editor/2022.3.4f1/Unity.app/Contents/MacOS/Unity
-adb2
-batchMode
-noUpm
-name
AssetImportWorker1
-projectPath
/Users/arturobringas/Documents/GitHub/ROMAC_ClassRepo/ROMAC_myProject
-logFile
Logs/AssetImportWorker1.log
-srvPort
59007
Successfully changed project path to: /Users/arturobringas/Documents/GitHub/ROMAC_ClassRepo/ROMAC_myProject
/Users/arturobringas/Documents/GitHub/ROMAC_ClassRepo/ROMAC_myProject
[UnityMemory] Configuration Parameters - Can be set up in boot.config
    "memorysetup-bucket-allocator-granularity=16"
    "memorysetup-bucket-allocator-bucket-count=8"
    "memorysetup-bucket-allocator-block-size=33554432"
    "memorysetup-bucket-allocator-block-count=8"
    "memorysetup-main-allocator-block-size=16777216"
    "memorysetup-thread-allocator-block-size=16777216"
    "memorysetup-gfx-main-allocator-block-size=16777216"
    "memorysetup-gfx-thread-allocator-block-size=16777216"
    "memorysetup-cache-allocator-block-size=4194304"
    "memorysetup-typetree-allocator-block-size=2097152"
    "memorysetup-profiler-bucket-allocator-granularity=16"
    "memorysetup-profiler-bucket-allocator-bucket-count=8"
    "memorysetup-profiler-bucket-allocator-block-size=33554432"
    "memorysetup-profiler-bucket-allocator-block-count=8"
    "memorysetup-profiler-allocator-block-size=16777216"
    "memorysetup-profiler-editor-allocator-block-size=1048576"
    "memorysetup-temp-allocator-size-main=16777216"
    "memorysetup-job-temp-allocator-block-size=2097152"
    "memorysetup-job-temp-allocator-block-size-background=1048576"
    "memorysetup-job-temp-allocator-reduction-small-platforms=262144"
    "memorysetup-allocator-temp-initial-block-size-main=262144"
    "memorysetup-allocator-temp-initial-block-size-worker=262144"
    "memorysetup-temp-allocator-size-background-worker=32768"
    "memorysetup-temp-allocator-size-job-worker=262144"
    "memorysetup-temp-allocator-size-preload-manager=33554432"
    "memorysetup-temp-allocator-size-nav-mesh-worker=65536"
    "memorysetup-temp-allocator-size-audio-worker=65536"
    "memorysetup-temp-allocator-size-cloud-worker=32768"
    "memorysetup-temp-allocator-size-gi-baking-worker=262144"
    "memorysetup-temp-allocator-size-gfx=262144"
Player connection [8784077440] Host "[IP] 192.168.100.47 [Port] 0 [Flags] 2 [Guid] 1838643136 [EditorId] 1838643136 [Version] 1048832 [Id] OSXEditor(0,Arturos-MacBook-Pro.local) [Debug] 1 [PackageName] OSXEditor [ProjectName] Editor" joined multi-casting on [225.0.0.222:54997]...

Player connection [8784077440] Host "[IP] 192.168.100.47 [Port] 0 [Flags] 2 [Guid] 1838643136 [EditorId] 1838643136 [Version] 1048832 [Id] OSXEditor(0,Arturos-MacBook-Pro.local) [Debug] 1 [PackageName] OSXEditor [ProjectName] Editor" joined alternative multi-casting on [225.0.0.222:34997]...

Refreshing native plugins compatible for Editor in 9.03 ms, found 2 plugins.
Preloading 0 native plugins for Editor in 0.00 ms.
Initialize engine version: 2022.3.4f1 (35713cd46cd7)
[Subsystems] Discovering subsystems at path /Applications/Unity/Hub/Editor/2022.3.4f1/Unity.app/Contents/Resources/UnitySubsystems
[Subsystems] Discovering subsystems at path /Users/arturobringas/Documents/GitHub/ROMAC_ClassRepo/ROMAC_myProject/Assets
GfxDevice: creating device client; threaded=0; jobified=0
 preferred device: Apple M2 (high power)
Metal devices available: 1
0: Apple M2 (high power)
Using device Apple M2 (high power)
Initializing Metal device caps: Apple M2
Initialize mono
Mono path[0] = '/Applications/Unity/Hub/Editor/2022.3.4f1/Unity.app/Contents/Managed'
Mono path[1] = '/Applications/Unity/Hub/Editor/2022.3.4f1/Unity.app/Contents/MonoBleedingEdge/lib/mono/unityjit-macos'
Mono config path = '/Applications/Unity/Hub/Editor/2022.3.4f1/Unity.app/Contents/MonoBleedingEdge/etc'
Using monoOptions --debugger-agent=transport=dt_socket,embedding=1,server=y,suspend=n,address=127.0.0.1:56612
Begin MonoManager ReloadAssembly
Registering precompiled unity dll's ...
Register platform support module: /Applications/Unity/Hub/Editor/2022.3.4f1/Unity.app/Contents/PlaybackEngines/MacStandaloneSupport/UnityEditor.OSXStandalone.Extensions.dll
Registered in 0.002851 seconds.
- Loaded All Assemblies, in  0.460 seconds
Native extension for OSXStandalone target not found
Mono: successfully reloaded assembly
- Finished resetting the current domain, in  0.761 seconds
Domain Reload Profiling: 1222ms
	BeginReloadAssembly (180ms)
		ExecutionOrderSort (0ms)
		DisableScriptedObjects (0ms)
		BackupInstance (0ms)
		ReleaseScriptingObjects (0ms)
		CreateAndSetChildDomain (2ms)
	RebuildCommonClasses (32ms)
	RebuildNativeTypeToScriptingClass (9ms)
	initialDomainReloadingComplete (111ms)
	LoadAllAssembliesAndSetupDomain (127ms)
		LoadAssemblies (181ms)
		RebuildTransferFunctionScriptingTraits (0ms)
		AnalyzeDomain (121ms)
			TypeCache.Refresh (118ms)
				TypeCache.ScanAssembly (109ms)
			ScanForSourceGeneratedMonoScriptInfo (0ms)
			ResolveRequiredComponents (2ms)
	FinalizeReload (762ms)
		ReleaseScriptCaches (0ms)
		RebuildScriptCaches (0ms)
		SetupLoadedEditorAssemblies (650ms)
			LogAssemblyErrors (0ms)
			InitializePlatformSupportModulesInManaged (20ms)
			SetLoadedEditorAssemblies (15ms)
			RefreshPlugins (0ms)
			BeforeProcessingInitializeOnLoad (8ms)
			ProcessInitializeOnLoadAttributes (438ms)
			ProcessInitializeOnLoadMethodAttributes (169ms)
			AfterProcessingInitializeOnLoad (0ms)
			EditorAssembliesLoaded (0ms)
		ExecutionOrderSort2 (0ms)
		AwakeInstancesAfterBackupRestoration (0ms)
========================================================================
Worker process is ready to serve import requests
Begin MonoManager ReloadAssembly
Symbol file LoadedFromMemory doesn't match image /Users/arturobringas/Documents/GitHub/ROMAC_ClassRepo/ROMAC_myProject/Library/PackageCache/com.unity.visualscripting@1.8.0/Editor/VisualScripting.Core/Dependencies/YamlDotNet/Unity.VisualScripting.YamlDotNet.dll
Symbol file LoadedFromMemory doesn't match image /Users/arturobringas/Documents/GitHub/ROMAC_ClassRepo/ROMAC_myProject/Library/PackageCache/com.unity.visualscripting@1.8.0/Editor/VisualScripting.Core/Dependencies/DotNetZip/Unity.VisualScripting.IonicZip.dll
- Loaded All Assemblies, in  0.956 seconds
Refreshing native plugins compatible for Editor in 0.89 ms, found 2 plugins.
Native extension for OSXStandalone target not found
Mono: successfully reloaded assembly
- Finished resetting the current domain, in  1.380 seconds
Domain Reload Profiling: 2338ms
	BeginReloadAssembly (251ms)
		ExecutionOrderSort (0ms)
		DisableScriptedObjects (33ms)
		BackupInstance (0ms)
		ReleaseScriptingObjects (0ms)
		CreateAndSetChildDomain (25ms)
	RebuildCommonClasses (35ms)
	RebuildNativeTypeToScriptingClass (11ms)
	initialDomainReloadingComplete (97ms)
	LoadAllAssembliesAndSetupDomain (563ms)
		LoadAssemblies (396ms)
		RebuildTransferFunctionScriptingTraits (0ms)
		AnalyzeDomain (274ms)
			TypeCache.Refresh (240ms)
				TypeCache.ScanAssembly (230ms)
			ScanForSourceGeneratedMonoScriptInfo (27ms)
			ResolveRequiredComponents (8ms)
	FinalizeReload (1382ms)
		ReleaseScriptCaches (0ms)
		RebuildScriptCaches (0ms)
		SetupLoadedEditorAssemblies (1075ms)
			LogAssemblyErrors (0ms)
			InitializePlatformSupportModulesInManaged (12ms)
			SetLoadedEditorAssemblies (7ms)
			RefreshPlugins (0ms)
			BeforeProcessingInitializeOnLoad (101ms)
			ProcessInitializeOnLoadAttributes (873ms)
			ProcessInitializeOnLoadMethodAttributes (81ms)
			AfterProcessingInitializeOnLoad (1ms)
			EditorAssembliesLoaded (0ms)
		ExecutionOrderSort2 (0ms)
		AwakeInstancesAfterBackupRestoration (9ms)
Launching external process: /Applications/Unity/Hub/Editor/2022.3.4f1/Unity.app/Contents/Tools/UnityShaderCompiler
Launched and connected shader compiler UnityShaderCompiler after 0.08 seconds
Refreshing native plugins compatible for Editor in 0.89 ms, found 2 plugins.
Preloading 0 native plugins for Editor in 0.00 ms.
Unloading 3194 Unused Serialized files (Serialized files now loaded: 0)
Unloading 30 unused Assets / (29.0 KB). Loaded Objects now: 3693.
Memory consumption went from 157.1 MB to 157.1 MB.
Total: 2.953291 ms (FindLiveObjects: 0.157083 ms CreateObjectMapping: 0.072333 ms MarkObjects: 2.665208 ms  DeleteObjects: 0.057625 ms)

AssetImportParameters requested are different than current active one (requested -> active):
  custom:container-demuxer-ogg: 62fdf1f143b41e24485cea50d1cbac27 -> 
  custom:video-decoder-ogg-theora: a1e56fd34408186e4bbccfd4996cb3dc -> 
  custom:CustomObjectIndexerAttribute: 756ad292c208cfabdd7b50bc23989ffe -> 
  custom:container-demuxer-webm: 4f35f7cbe854078d1ac9338744f61a02 -> 
  custom:container-muxer-webm: aa71ff27fc2769a1b78a27578f13a17b -> 
  custom:video-decoder-webm-vp8: 9c59270c3fd7afecdb556c50c9e8de78 -> 
  custom:AudioImporter_EditorPlatform: 3918e3fc78b5a79bad01e8451be0beb8 -> 
  custom:framework-osx-AVFoundation: e770b220cccbd017edd2c1fefb359320 -> 
  custom:video-encoder-webm-vp8: eb34c28f22e8b96e1ab97ce403110664 -> 
  custom:audio-decoder-ogg-vorbis: bf7c407c2cedff20999df2af8eb42d56 -> 
  custom:audio-encoder-webm-vorbis: bf7c407c2cedff20999df2af8eb42d56 -> 
========================================================================
Received Import Request.
  Time since last request: 8882.008276 seconds.
  path: Assets/Scenes/New Scene.unity
  artifactKey: Guid(5188a00673cbe4072a1cf898e8845eae) Importer(815301076,1909f56bfc062723c751e8b465ee728b)
Start importing Assets/Scenes/New Scene.unity using Guid(5188a00673cbe4072a1cf898e8845eae) Importer(815301076,1909f56bfc062723c751e8b465ee728b)  -> (artifact id: '53121711b278f2ae6c034c9ac122cd5f') in 0.004336 seconds
Number of updated asset objects reloaded before import = 0
Number of asset objects unloaded after import = 0
========================================================================
Received Import Request.
  Time since last request: 118.966615 seconds.
  path: Assets/PolygonDungeon/Textures/Dungeons_Texture_02.png
  artifactKey: Guid(f3117e735161a1e49aa3f78498761f06) Importer(815301076,1909f56bfc062723c751e8b465ee728b)
Start importing Assets/PolygonDungeon/Textures/Dungeons_Texture_02.png using Guid(f3117e735161a1e49aa3f78498761f06) Importer(815301076,1909f56bfc062723c751e8b465ee728b)  -> (artifact id: '1f1b27bb8b6954ce1218fe432bbb5f9b') in 0.121012 seconds
Number of updated asset objects reloaded before import = 0
Number of asset objects unloaded after import = 2
========================================================================
Received Prepare
Begin MonoManager ReloadAssembly
Symbol file LoadedFromMemory doesn't match image /Users/arturobringas/Documents/GitHub/ROMAC_ClassRepo/ROMAC_myProject/Library/PackageCache/com.unity.visualscripting@1.8.0/Editor/VisualScripting.Core/Dependencies/YamlDotNet/Unity.VisualScripting.YamlDotNet.dll
Symbol file LoadedFromMemory doesn't match image /Users/arturobringas/Documents/GitHub/ROMAC_ClassRepo/ROMAC_myProject/Library/PackageCache/com.unity.visualscripting@1.8.0/Editor/VisualScripting.Core/Dependencies/DotNetZip/Unity.VisualScripting.IonicZip.dll
- Loaded All Assemblies, in  0.812 seconds
Refreshing native plugins compatible for Editor in 0.82 ms, found 2 plugins.
Native extension for OSXStandalone target not found
Mono: successfully reloaded assembly
- Finished resetting the current domain, in  1.454 seconds
Domain Reload Profiling: 2266ms
	BeginReloadAssembly (225ms)
		ExecutionOrderSort (0ms)
		DisableScriptedObjects (30ms)
		BackupInstance (0ms)
		ReleaseScriptingObjects (0ms)
		CreateAndSetChildDomain (48ms)
	RebuildCommonClasses (32ms)
	RebuildNativeTypeToScriptingClass (10ms)
	initialDomainReloadingComplete (49ms)
	LoadAllAssembliesAndSetupDomain (495ms)
		LoadAssemblies (345ms)
		RebuildTransferFunctionScriptingTraits (0ms)
		AnalyzeDomain (253ms)
			TypeCache.Refresh (241ms)
				TypeCache.ScanAssembly (234ms)
			ScanForSourceGeneratedMonoScriptInfo (5ms)
			ResolveRequiredComponents (7ms)
	FinalizeReload (1455ms)
		ReleaseScriptCaches (0ms)
		RebuildScriptCaches (0ms)
		SetupLoadedEditorAssemblies (929ms)
			LogAssemblyErrors (0ms)
			InitializePlatformSupportModulesInManaged (13ms)
			SetLoadedEditorAssemblies (8ms)
			RefreshPlugins (0ms)
			BeforeProcessingInitializeOnLoad (91ms)
			ProcessInitializeOnLoadAttributes (738ms)
			ProcessInitializeOnLoadMethodAttributes (77ms)
			AfterProcessingInitializeOnLoad (2ms)
			EditorAssembliesLoaded (0ms)
		ExecutionOrderSort2 (0ms)
		AwakeInstancesAfterBackupRestoration (9ms)
Refreshing native plugins compatible for Editor in 0.91 ms, found 2 plugins.
Preloading 0 native plugins for Editor in 0.00 ms.
Unloading 3118 Unused Serialized files (Serialized files now loaded: 0)
Unloading 22 unused Assets / (30.5 KB). Loaded Objects now: 3700.
Memory consumption went from 143.5 MB to 143.5 MB.
Total: 2.456583 ms (FindLiveObjects: 0.172750 ms CreateObjectMapping: 0.067875 ms MarkObjects: 2.175916 ms  DeleteObjects: 0.039291 ms)

Prepare: number of updated asset objects reloaded= 0
AssetImportParameters requested are different than current active one (requested -> active):
  custom:container-demuxer-ogg: 62fdf1f143b41e24485cea50d1cbac27 -> 
  custom:video-decoder-ogg-theora: a1e56fd34408186e4bbccfd4996cb3dc -> 
  custom:CustomObjectIndexerAttribute: 756ad292c208cfabdd7b50bc23989ffe -> 
  custom:container-demuxer-webm: 4f35f7cbe854078d1ac9338744f61a02 -> 
  custom:container-muxer-webm: aa71ff27fc2769a1b78a27578f13a17b -> 
  custom:video-decoder-webm-vp8: 9c59270c3fd7afecdb556c50c9e8de78 -> 
  custom:AudioImporter_EditorPlatform: 3918e3fc78b5a79bad01e8451be0beb8 -> 
  custom:framework-osx-AVFoundation: e770b220cccbd017edd2c1fefb359320 -> 
  custom:video-encoder-webm-vp8: eb34c28f22e8b96e1ab97ce403110664 -> 
  custom:audio-decoder-ogg-vorbis: bf7c407c2cedff20999df2af8eb42d56 -> 
  custom:audio-encoder-webm-vorbis: bf7c407c2cedff20999df2af8eb42d56 -> 
========================================================================
Received Import Request.
  Time since last request: 792.102461 seconds.
  path: Assets/Scripts/MyComponente.cs
  artifactKey: Guid(187243c51651e41a385dad0593e966cd) Importer(815301076,1909f56bfc062723c751e8b465ee728b)
Start importing Assets/Scripts/MyComponente.cs using Guid(187243c51651e41a385dad0593e966cd) Importer(815301076,1909f56bfc062723c751e8b465ee728b)  -> (artifact id: 'f8379fba6f7000c1e53dac09c8903a6b') in 0.002943 seconds
Number of updated asset objects reloaded before import = 0
Number of asset objects unloaded after import = 0
========================================================================
Received Import Request.
  Time since last request: 103.920661 seconds.
  path: Assets/MOBA and Tower Defense/Prefabs_Turrets/_origin/Models/Tow_Gauss2.fbx
  artifactKey: Guid(cb19c471129a6e441be5524680319adb) Importer(815301076,1909f56bfc062723c751e8b465ee728b)
Start importing Assets/MOBA and Tower Defense/Prefabs_Turrets/_origin/Models/Tow_Gauss2.fbx using Guid(cb19c471129a6e441be5524680319adb) Importer(815301076,1909f56bfc062723c751e8b465ee728b)  -> (artifact id: '5edbec3253896f0cefd3f61e0b56ddd6') in 1.030193 seconds
Number of updated asset objects reloaded before import = 0
Number of asset objects unloaded after import = 24
========================================================================
Received Import Request.
  Time since last request: 0.000065 seconds.
  path: Assets/MOBA and Tower Defense/Prefabs_Turrets/_origin/Models/Tow_Machinegun3.fbx
  artifactKey: Guid(cf893879b64f6e24391c51bf862d0e1f) Importer(815301076,1909f56bfc062723c751e8b465ee728b)
Start importing Assets/MOBA and Tower Defense/Prefabs_Turrets/_origin/Models/Tow_Machinegun3.fbx using Guid(cf893879b64f6e24391c51bf862d0e1f) Importer(815301076,1909f56bfc062723c751e8b465ee728b)  -> (artifact id: '41285c654e051534c98de7284d7c2731') in 0.317006 seconds
Number of updated asset objects reloaded before import = 0
Number of asset objects unloaded after import = 23
========================================================================
Received Import Request.
  Time since last request: 0.000064 seconds.
  path: Assets/MOBA and Tower Defense/Prefabs_Turrets/_origin/Models/Tow_Plasma1.fbx
  artifactKey: Guid(13a8a9de6115bbd4b908b2798942cb85) Importer(815301076,1909f56bfc062723c751e8b465ee728b)
Start importing Assets/MOBA and Tower Defense/Prefabs_Turrets/_origin/Models/Tow_Plasma1.fbx using Guid(13a8a9de6115bbd4b908b2798942cb85) Importer(815301076,1909f56bfc062723c751e8b465ee728b)  -> (artifact id: '7c9b87caaaa3a4526cd669449189e425') in 0.027799 seconds
Number of updated asset objects reloaded before import = 0
Number of asset objects unloaded after import = 22
========================================================================
Received Import Request.
  Time since last request: 0.000402 seconds.
  path: Assets/MOBA and Tower Defense/Prefabs_Turrets/_origin/Models/Tow_Acid3.fbx
  artifactKey: Guid(eba12afac6c16b94ca5ac4b448797d10) Importer(815301076,1909f56bfc062723c751e8b465ee728b)
Start importing Assets/MOBA and Tower Defense/Prefabs_Turrets/_origin/Models/Tow_Acid3.fbx using Guid(eba12afac6c16b94ca5ac4b448797d10) Importer(815301076,1909f56bfc062723c751e8b465ee728b)  -> (artifact id: 'c8aac305601944c3ad2529132467f5da') in 0.037300 seconds
Number of updated asset objects reloaded before import = 0
Number of asset objects unloaded after import = 24
========================================================================
Received Import Request.
  Time since last request: 0.000370 seconds.
  path: Assets/MOBA and Tower Defense/Prefabs_Turrets/_origin/Models/Tow_Machinegun2.fbx
  artifactKey: Guid(099afa606b0f4334288d2642eaf879ad) Importer(815301076,1909f56bfc062723c751e8b465ee728b)
Start importing Assets/MOBA and Tower Defense/Prefabs_Turrets/_origin/Models/Tow_Machinegun2.fbx using Guid(099afa606b0f4334288d2642eaf879ad) Importer(815301076,1909f56bfc062723c751e8b465ee728b)  -> (artifact id: '2a4ace392e270842e4caa52817e096e9') in 0.033300 seconds
Number of updated asset objects reloaded before import = 0
Number of asset objects unloaded after import = 23
========================================================================
Received Import Request.
  Time since last request: 0.000101 seconds.
  path: Assets/MOBA and Tower Defense/Prefabs_Turrets/_origin/Models/Tow_Gatling3.fbx
  artifactKey: Guid(265c771862e63e84ab8ab1ece037befa) Importer(815301076,1909f56bfc062723c751e8b465ee728b)
Start importing Assets/MOBA and Tower Defense/Prefabs_Turrets/_origin/Models/Tow_Gatling3.fbx using Guid(265c771862e63e84ab8ab1ece037befa) Importer(815301076,1909f56bfc062723c751e8b465ee728b)  -> (artifact id: '00061c64fea81dc5312e020670fa3e3d') in 0.035979 seconds
Number of updated asset objects reloaded before import = 0
Number of asset objects unloaded after import = 21
========================================================================
Received Import Request.
  Time since last request: 0.001452 seconds.
  path: Assets/MOBA and Tower Defense/Prefabs_Turrets/_origin/Models/Tow_Mortar3.fbx
  artifactKey: Guid(5719487e38f9b2d4c933083e45d1552f) Importer(815301076,1909f56bfc062723c751e8b465ee728b)
Start importing Assets/MOBA and Tower Defense/Prefabs_Turrets/_origin/Models/Tow_Mortar3.fbx using Guid(5719487e38f9b2d4c933083e45d1552f) Importer(815301076,1909f56bfc062723c751e8b465ee728b)  -> (artifact id: '20e6cfaa0263ba58a3b024aae5011d38') in 0.032962 seconds
Number of updated asset objects reloaded before import = 0
Number of asset objects unloaded after import = 18
========================================================================
Received Import Request.
  Time since last request: 0.000168 seconds.
  path: Assets/MOBA and Tower Defense/Prefabs_Turrets/_origin/Models/Tow_Acid2.fbx
  artifactKey: Guid(98e8c87eca2cb8e44885c3932f9f7eab) Importer(815301076,1909f56bfc062723c751e8b465ee728b)
Start importing Assets/MOBA and Tower Defense/Prefabs_Turrets/_origin/Models/Tow_Acid2.fbx using Guid(98e8c87eca2cb8e44885c3932f9f7eab) Importer(815301076,1909f56bfc062723c751e8b465ee728b)  -> (artifact id: '1e2c7f90b511d9e79fba50d02a235edc') in 0.033045 seconds
Number of updated asset objects reloaded before import = 0
Number of asset objects unloaded after import = 24
========================================================================
Received Import Request.
  Time since last request: 0.713872 seconds.
  path: Assets/PolygonDungeon/Models/FX_CubePivot_Mesh.fbx
  artifactKey: Guid(39507b9ce3ffc4948b27dfdb77a84488) Importer(815301076,1909f56bfc062723c751e8b465ee728b)
Start importing Assets/PolygonDungeon/Models/FX_CubePivot_Mesh.fbx using Guid(39507b9ce3ffc4948b27dfdb77a84488) Importer(815301076,1909f56bfc062723c751e8b465ee728b)  -> (artifact id: '5406081f91fbcd490a50523bd801d5d9') in 0.124950 seconds
Number of updated asset objects reloaded before import = 0
Number of asset objects unloaded after import = 7
========================================================================
Received Import Request.
  Time since last request: 30.988798 seconds.
  path: Assets/PolygonDungeon/Materials/Alternatives/Dungeon_Material_01_A.mat
  artifactKey: Guid(7ac7f7ed4e4639c41b96b549364e3a9d) Importer(815301076,1909f56bfc062723c751e8b465ee728b)
Start importing Assets/PolygonDungeon/Materials/Alternatives/Dungeon_Material_01_A.mat using Guid(7ac7f7ed4e4639c41b96b549364e3a9d) Importer(815301076,1909f56bfc062723c751e8b465ee728b)  -> (artifact id: '0dbdf66ba3d708431f57edd85f5ac802') in 0.115693 seconds
Number of updated asset objects reloaded before import = 0
Number of asset objects unloaded after import = 3
========================================================================
Received Import Request.
  Time since last request: 0.000170 seconds.
  path: Assets/PolygonDungeon/Materials/Alternatives/Dungeon_Material_02_D.mat
  artifactKey: Guid(41eeaca2a327f424a968942f71105488) Importer(815301076,1909f56bfc062723c751e8b465ee728b)
Start importing Assets/PolygonDungeon/Materials/Alternatives/Dungeon_Material_02_D.mat using Guid(41eeaca2a327f424a968942f71105488) Importer(815301076,1909f56bfc062723c751e8b465ee728b)  -> (artifact id: '3e609559692bfe2549d5378b115e31a7') in 0.020393 seconds
Number of updated asset objects reloaded before import = 0
Number of asset objects unloaded after import = 3
========================================================================
Received Import Request.
  Time since last request: 0.000280 seconds.
  path: Assets/PolygonDungeon/Materials/Alternatives/Dungeon_Material_02_C.mat
  artifactKey: Guid(f470159569cddea4a947afe501e2d54f) Importer(815301076,1909f56bfc062723c751e8b465ee728b)
Start importing Assets/PolygonDungeon/Materials/Alternatives/Dungeon_Material_02_C.mat using Guid(f470159569cddea4a947afe501e2d54f) Importer(815301076,1909f56bfc062723c751e8b465ee728b)  -> (artifact id: '3ca9506c31be08fe75f368b46fbfb855') in 0.018741 seconds
Number of updated asset objects reloaded before import = 0
Number of asset objects unloaded after import = 3
========================================================================
Received Import Request.
  Time since last request: 0.000810 seconds.
  path: Assets/PolygonDungeon/Materials/Dungeon_Material_03.mat
  artifactKey: Guid(54061fa668860e54a8e96694301d76a9) Importer(815301076,1909f56bfc062723c751e8b465ee728b)
Start importing Assets/PolygonDungeon/Materials/Dungeon_Material_03.mat using Guid(54061fa668860e54a8e96694301d76a9) Importer(815301076,1909f56bfc062723c751e8b465ee728b)  -> (artifact id: '01005cfec233511d8816a956b5e61d9d') in 0.050668 seconds
Number of updated asset objects reloaded before import = 0
Number of asset objects unloaded after import = 4
========================================================================
Received Import Request.
  Time since last request: 0.019349 seconds.
  path: Assets/PolygonDungeon/Materials/Alternatives/Dungeon_Material_03_A.mat
  artifactKey: Guid(b1b83a452a77ed74d8bb75e5b8d0a457) Importer(815301076,1909f56bfc062723c751e8b465ee728b)
Start importing Assets/PolygonDungeon/Materials/Alternatives/Dungeon_Material_03_A.mat using Guid(b1b83a452a77ed74d8bb75e5b8d0a457) Importer(815301076,1909f56bfc062723c751e8b465ee728b)  -> (artifact id: '12dd644a5e3e2167de08018747d3e8b7') in 0.013424 seconds
Number of updated asset objects reloaded before import = 0
Number of asset objects unloaded after import = 3
========================================================================
Received Import Request.
  Time since last request: 0.000218 seconds.
  path: Assets/PolygonDungeon/Materials/Dungeon_Material_04.mat
  artifactKey: Guid(e3023c0182312214e86398117753528d) Importer(815301076,1909f56bfc062723c751e8b465ee728b)
Start importing Assets/PolygonDungeon/Materials/Dungeon_Material_04.mat using Guid(e3023c0182312214e86398117753528d) Importer(815301076,1909f56bfc062723c751e8b465ee728b)  -> (artifact id: 'daa38ab51846b50418760194b1124f56') in 0.014941 seconds
Number of updated asset objects reloaded before import = 0
Number of asset objects unloaded after import = 4
========================================================================
Received Import Request.
  Time since last request: 0.000293 seconds.
  path: Assets/PolygonDungeon/Materials/Alternatives/Dungeon_Material_04_C.mat
  artifactKey: Guid(5669cbb7e0eee7b469fe44c5a872d2ab) Importer(815301076,1909f56bfc062723c751e8b465ee728b)
Start importing Assets/PolygonDungeon/Materials/Alternatives/Dungeon_Material_04_C.mat using Guid(5669cbb7e0eee7b469fe44c5a872d2ab) Importer(815301076,1909f56bfc062723c751e8b465ee728b)  -> (artifact id: 'a105b01d1442512ce5c6e18afcf017da') in 0.017482 seconds
Number of updated asset objects reloaded before import = 0
Number of asset objects unloaded after import = 3
========================================================================
Received Import Request.
  Time since last request: 0.001953 seconds.
  path: Assets/PolygonDungeon/Materials/Dungeon_Material_02.mat
  artifactKey: Guid(0574116a7188c654ab34fcd54a2d0ecc) Importer(815301076,1909f56bfc062723c751e8b465ee728b)
Start importing Assets/PolygonDungeon/Materials/Dungeon_Material_02.mat using Guid(0574116a7188c654ab34fcd54a2d0ecc) Importer(815301076,1909f56bfc062723c751e8b465ee728b)  -> (artifact id: '6ca88b8038a1052623e75e3233b5990f') in 0.017443 seconds
Number of updated asset objects reloaded before import = 0
Number of asset objects unloaded after import = 4
========================================================================
Received Import Request.
  Time since last request: 0.000091 seconds.
  path: Assets/PolygonDungeon/Materials/Alternatives/Dungeon_Material_03_D.mat
  artifactKey: Guid(d69305a10055d7c44b8baada30303e88) Importer(815301076,1909f56bfc062723c751e8b465ee728b)
Start importing Assets/PolygonDungeon/Materials/Alternatives/Dungeon_Material_03_D.mat using Guid(d69305a10055d7c44b8baada30303e88) Importer(815301076,1909f56bfc062723c751e8b465ee728b)  -> (artifact id: '708819adc1013b50d1ee5ca0bcc3e603') in 0.012826 seconds
Number of updated asset objects reloaded before import = 0
Number of asset objects unloaded after import = 3
========================================================================
Received Import Request.
  Time since last request: 0.000573 seconds.
  path: Assets/PolygonDungeon/Materials/Alternatives/Dungeon_Material_03_C.mat
  artifactKey: Guid(3fbade09b83e6684c85f132da96a79bd) Importer(815301076,1909f56bfc062723c751e8b465ee728b)
Start importing Assets/PolygonDungeon/Materials/Alternatives/Dungeon_Material_03_C.mat using Guid(3fbade09b83e6684c85f132da96a79bd) Importer(815301076,1909f56bfc062723c751e8b465ee728b)  -> (artifact id: 'c16b9f33c0015c47b8b807146606792b') in 0.011966 seconds
Number of updated asset objects reloaded before import = 0
Number of asset objects unloaded after import = 3
========================================================================
Received Import Request.
  Time since last request: 0.000113 seconds.
  path: Assets/PolygonDungeon/Materials/Alternatives/Dungeon_Material_04_B.mat
  artifactKey: Guid(dcf1c8ebc26cef840a13f1b3c0a50f63) Importer(815301076,1909f56bfc062723c751e8b465ee728b)
Start importing Assets/PolygonDungeon/Materials/Alternatives/Dungeon_Material_04_B.mat using Guid(dcf1c8ebc26cef840a13f1b3c0a50f63) Importer(815301076,1909f56bfc062723c751e8b465ee728b)  -> (artifact id: 'e1a885afbce862bc4c9d26fa05f7808b') in 0.011788 seconds
Number of updated asset objects reloaded before import = 0
Number of asset objects unloaded after import = 3
========================================================================
Received Import Request.
  Time since last request: 0.000351 seconds.
  path: Assets/PolygonDungeon/Materials/Alternatives/Dungeon_Material_01_C.mat
  artifactKey: Guid(ec4e3847523bb844499342c7de73a9b4) Importer(815301076,1909f56bfc062723c751e8b465ee728b)
Start importing Assets/PolygonDungeon/Materials/Alternatives/Dungeon_Material_01_C.mat using Guid(ec4e3847523bb844499342c7de73a9b4) Importer(815301076,1909f56bfc062723c751e8b465ee728b)  -> (artifact id: 'ce888f303ccd5f2d6fe39c32094bf6f1') in 0.012534 seconds
Number of updated asset objects reloaded before import = 0
Number of asset objects unloaded after import = 3
========================================================================
Received Import Request.
  Time since last request: 0.000209 seconds.
  path: Assets/PolygonDungeon/Materials/Misc/Dungeon_Material_Snow.mat
  artifactKey: Guid(275920581080ced43a750da785649059) Importer(815301076,1909f56bfc062723c751e8b465ee728b)
Start importing Assets/PolygonDungeon/Materials/Misc/Dungeon_Material_Snow.mat using Guid(275920581080ced43a750da785649059) Importer(815301076,1909f56bfc062723c751e8b465ee728b)  -> (artifact id: 'c0cf971c884fa3074787bf47b0d1baca') in 0.368236 seconds
Number of updated asset objects reloaded before import = 0
Number of asset objects unloaded after import = 2
Editor requested this worker to shutdown with reason: Scaling down because of idle timeout
TcpMessagingSession - receive error: operation aborted. errorcode: 89, details: Operation aborted.
AssetImportWorker is now disconnected from the server
Process exiting
